{
  "stats": {
    "tests": 824,
    "passes": 824,
    "failures": 0,
    "duration": 3441501,
    "start": "2022-11-17T12:48:31.416Z",
    "end": "2022-11-17T13:45:52.917Z"
  },
  "failures": [
    {
      "title": "C:\\Users\\n1609408\\ALOHA\\Git\\cicct-softphone-admin-ui\\src\\components\\core\\CustomDropdown\\test\\Dropdown_test_jsx",
      "fullTitle": "C:\\Users\\n1609408\\ALOHA\\Git\\cicct-softphone-admin-ui\\src\\components\\core\\CustomDropdown\\test\\Dropdown_test_jsx",
      "duration": 0,
      "errorCount": 1,
      "error": "  \u001b[1m● \u001b[22mTest suite failed to run\n\n    TypeError: (0 , _material.generateUtilityClasses) is not a function\n\n    \u001b[0m \u001b[90m 3 |\u001b[39m \u001b[36mimport\u001b[39m { \u001b[33mAdapterDayjs\u001b[39m } \u001b[36mfrom\u001b[39m \u001b[32m\"@mui/x-date-pickers/AdapterDayjs\"\u001b[39m\u001b[33m;\u001b[39m\u001b[0m\n    \u001b[0m \u001b[90m 4 |\u001b[39m \u001b[36mimport\u001b[39m { \u001b[33mLocalizationProvider\u001b[39m } \u001b[36mfrom\u001b[39m \u001b[32m\"@mui/x-date-pickers/LocalizationProvider\"\u001b[39m\u001b[33m;\u001b[39m\u001b[0m\n    \u001b[0m\u001b[31m\u001b[1m>\u001b[22m\u001b[39m\u001b[90m 5 |\u001b[39m \u001b[36mimport\u001b[39m { \u001b[33mTimePicker\u001b[39m } \u001b[36mfrom\u001b[39m \u001b[32m\"@mui/x-date-pickers/TimePicker\"\u001b[39m\u001b[33m;\u001b[39m\u001b[0m\n    \u001b[0m \u001b[90m   |\u001b[39m \u001b[31m\u001b[1m^\u001b[22m\u001b[39m\u001b[0m\n    \u001b[0m \u001b[90m 6 |\u001b[39m\u001b[0m\n    \u001b[0m \u001b[90m 7 |\u001b[39m\u001b[0m\n    \u001b[0m \u001b[90m 8 |\u001b[39m \u001b[36mexport\u001b[39m \u001b[36minterface\u001b[39m \u001b[33mTimePickerComponentProps\u001b[39m{\u001b[0m\n\n      \u001b[2mat Object.<anonymous> (\u001b[22mnode_modules/@mui/x-date-pickers/node/internals/components/pickersToolbarTextClasses.js\u001b[2m:17:72)\u001b[22m\n      \u001b[2mat Object.<anonymous> (\u001b[22mnode_modules/@mui/x-date-pickers/node/internals/components/PickersToolbarText.js\u001b[2m:24:34)\u001b[22m\n      \u001b[2mat Object.<anonymous> (\u001b[22mnode_modules/@mui/x-date-pickers/node/TimePicker/TimePickerToolbar.js\u001b[2m:20:27)\u001b[22m\n      \u001b[2mat Object.<anonymous> (\u001b[22mnode_modules/@mui/x-date-pickers/node/DesktopTimePicker/DesktopTimePicker.js\u001b[2m:20:26)\u001b[22m\n      \u001b[2mat Object.<anonymous> (\u001b[22mnode_modules/@mui/x-date-pickers/node/DesktopTimePicker/index.js\u001b[2m:13:26)\u001b[22m\n      \u001b[2mat Object.<anonymous> (\u001b[22mnode_modules/@mui/x-date-pickers/node/TimePicker/TimePicker.js\u001b[2m:22:26)\u001b[22m\n      \u001b[2mat Object.<anonymous> (\u001b[22mnode_modules/@mui/x-date-pickers/node/TimePicker/index.js\u001b[2m:19:19)\u001b[22m\n      \u001b[2mat Object.<anonymous> (\u001b[22msrc/components/core/SharedComponents/TimepickerComponent.tsx\u001b[2m:5:1)\u001b[22m\n      \u001b[2mat Object.<anonymous> (\u001b[22msrc/components/core/SharedComponents/ComponentControl.tsx\u001b[2m:4:1)\u001b[22m\n      \u001b[2mat Object.<anonymous> (\u001b[22msrc/components/tabs/alohaFlow/AddFlow/AddFlow.tsx\u001b[2m:17:1)\u001b[22m\n      \u001b[2mat Object.<anonymous> (\u001b[22msrc/components/tabs/alohaFlow/DataGridFlow/DataGridFlow.tsx\u001b[2m:21:1)\u001b[22m\n      \u001b[2mat Object.<anonymous> (\u001b[22msrc/components/tabs/alohaFlow/AlohaFlowContainer.tsx\u001b[2m:2:1)\u001b[22m\n      \u001b[2mat Object.<anonymous> (\u001b[22msrc/components/tabs/alohaFlow/index.js\u001b[2m:1:1)\u001b[22m\n      \u001b[2mat Object.<anonymous> (\u001b[22msrc/components/tabs/index.js\u001b[2m:4:1)\u001b[22m\n      \u001b[2mat Object.<anonymous> (\u001b[22msrc/components/index.js\u001b[2m:5:1)\u001b[22m\n      \u001b[2mat Object.<anonymous> (\u001b[22m__test__/testConsts/authConsts.js\u001b[2m:1:1)\u001b[22m\n      \u001b[2mat Object.<anonymous> (\u001b[22m__test__/testConsts/index.js\u001b[2m:3:1)\u001b[22m\n      \u001b[2mat Object.<anonymous> (\u001b[22m__test__/index.js\u001b[2m:2:1)\u001b[22m\n      \u001b[2mat Object.<anonymous> (\u001b[22m\u001b[0m\u001b[36msrc/components/core/CustomDropdown/test/Dropdown.test.jsx\u001b[39m\u001b[0m\u001b[2m:8:1)\u001b[22m\n"
    },
    {
      "title": "C:\\Users\\n1609408\\ALOHA\\Git\\cicct-softphone-admin-ui\\src\\components\\tabs\\callflowmanagement\\SkillManagement\\SkillsTable\\test\\SkillsTable_test_js",
      "fullTitle": "C:\\Users\\n1609408\\ALOHA\\Git\\cicct-softphone-admin-ui\\src\\components\\tabs\\callflowmanagement\\SkillManagement\\SkillsTable\\test\\SkillsTable_test_js",
      "duration": 0,
      "errorCount": 1,
      "error": "  \u001b[1m● \u001b[22mTest suite failed to run\n\n    TypeError: (0 , _material.generateUtilityClasses) is not a function\n\n    \u001b[0m \u001b[90m 3 |\u001b[39m \u001b[36mimport\u001b[39m { \u001b[33mAdapterDayjs\u001b[39m } \u001b[36mfrom\u001b[39m \u001b[32m\"@mui/x-date-pickers/AdapterDayjs\"\u001b[39m\u001b[33m;\u001b[39m\u001b[0m\n    \u001b[0m \u001b[90m 4 |\u001b[39m \u001b[36mimport\u001b[39m { \u001b[33mLocalizationProvider\u001b[39m } \u001b[36mfrom\u001b[39m \u001b[32m\"@mui/x-date-pickers/LocalizationProvider\"\u001b[39m\u001b[33m;\u001b[39m\u001b[0m\n    \u001b[0m\u001b[31m\u001b[1m>\u001b[22m\u001b[39m\u001b[90m 5 |\u001b[39m \u001b[36mimport\u001b[39m { \u001b[33mTimePicker\u001b[39m } \u001b[36mfrom\u001b[39m \u001b[32m\"@mui/x-date-pickers/TimePicker\"\u001b[39m\u001b[33m;\u001b[39m\u001b[0m\n    \u001b[0m \u001b[90m   |\u001b[39m \u001b[31m\u001b[1m^\u001b[22m\u001b[39m\u001b[0m\n    \u001b[0m \u001b[90m 6 |\u001b[39m\u001b[0m\n    \u001b[0m \u001b[90m 7 |\u001b[39m\u001b[0m\n    \u001b[0m \u001b[90m 8 |\u001b[39m \u001b[36mexport\u001b[39m \u001b[36minterface\u001b[39m \u001b[33mTimePickerComponentProps\u001b[39m{\u001b[0m\n\n      \u001b[2mat Object.<anonymous> (\u001b[22mnode_modules/@mui/x-date-pickers/node/internals/components/pickersToolbarTextClasses.js\u001b[2m:17:72)\u001b[22m\n      \u001b[2mat Object.<anonymous> (\u001b[22mnode_modules/@mui/x-date-pickers/node/internals/components/PickersToolbarText.js\u001b[2m:24:34)\u001b[22m\n      \u001b[2mat Object.<anonymous> (\u001b[22mnode_modules/@mui/x-date-pickers/node/TimePicker/TimePickerToolbar.js\u001b[2m:20:27)\u001b[22m\n      \u001b[2mat Object.<anonymous> (\u001b[22mnode_modules/@mui/x-date-pickers/node/DesktopTimePicker/DesktopTimePicker.js\u001b[2m:20:26)\u001b[22m\n      \u001b[2mat Object.<anonymous> (\u001b[22mnode_modules/@mui/x-date-pickers/node/DesktopTimePicker/index.js\u001b[2m:13:26)\u001b[22m\n      \u001b[2mat Object.<anonymous> (\u001b[22mnode_modules/@mui/x-date-pickers/node/TimePicker/TimePicker.js\u001b[2m:22:26)\u001b[22m\n      \u001b[2mat Object.<anonymous> (\u001b[22mnode_modules/@mui/x-date-pickers/node/TimePicker/index.js\u001b[2m:19:19)\u001b[22m\n      \u001b[2mat Object.<anonymous> (\u001b[22msrc/components/core/SharedComponents/TimepickerComponent.tsx\u001b[2m:5:1)\u001b[22m\n      \u001b[2mat Object.<anonymous> (\u001b[22msrc/components/core/SharedComponents/ComponentControl.tsx\u001b[2m:4:1)\u001b[22m\n      \u001b[2mat Object.<anonymous> (\u001b[22msrc/components/tabs/alohaFlow/AddFlow/AddFlow.tsx\u001b[2m:17:1)\u001b[22m\n      \u001b[2mat Object.<anonymous> (\u001b[22msrc/components/tabs/alohaFlow/DataGridFlow/DataGridFlow.tsx\u001b[2m:21:1)\u001b[22m\n      \u001b[2mat Object.<anonymous> (\u001b[22msrc/components/tabs/alohaFlow/AlohaFlowContainer.tsx\u001b[2m:2:1)\u001b[22m\n      \u001b[2mat Object.<anonymous> (\u001b[22msrc/components/tabs/alohaFlow/index.js\u001b[2m:1:1)\u001b[22m\n      \u001b[2mat Object.<anonymous> (\u001b[22msrc/components/tabs/index.js\u001b[2m:4:1)\u001b[22m\n      \u001b[2mat Object.<anonymous> (\u001b[22msrc/components/index.js\u001b[2m:5:1)\u001b[22m\n      \u001b[2mat Object.<anonymous> (\u001b[22msrc/components/tabs/callflowmanagement/SkillManagement/Skills.Styles.ts\u001b[2m:3:1)\u001b[22m\n      \u001b[2mat \u001b[22m\u001b[0m\u001b[36msrc/components/tabs/callflowmanagement/SkillManagement/SkillsTable/test/SkillsTable.test.js\u001b[39m\u001b[0m\u001b[2m:54:21\u001b[22m\n      \u001b[2mat Object.<anonymous> (\u001b[22msrc/components/tabs/callflowmanagement/SkillManagement/SkillsTable/SkillsTable.tsx\u001b[2m:1:1)\u001b[22m\n      \u001b[2mat Object.<anonymous> (\u001b[22m\u001b[0m\u001b[36msrc/components/tabs/callflowmanagement/SkillManagement/SkillsTable/test/SkillsTable.test.js\u001b[39m\u001b[0m\u001b[2m:2:1)\u001b[22m\n"
    },
    {
      "title": "C:\\Users\\n1609408\\ALOHA\\Git\\cicct-softphone-admin-ui\\src\\components\\core\\PhoneNumberInput\\test\\PhoneNumberInput_test_jsx",
      "fullTitle": "C:\\Users\\n1609408\\ALOHA\\Git\\cicct-softphone-admin-ui\\src\\components\\core\\PhoneNumberInput\\test\\PhoneNumberInput_test_jsx",
      "duration": 0,
      "errorCount": 1,
      "error": "  \u001b[1m● \u001b[22mTest suite failed to run\n\n    TypeError: (0 , _material.generateUtilityClasses) is not a function\n\n    \u001b[0m \u001b[90m 3 |\u001b[39m \u001b[36mimport\u001b[39m { \u001b[33mAdapterDayjs\u001b[39m } \u001b[36mfrom\u001b[39m \u001b[32m\"@mui/x-date-pickers/AdapterDayjs\"\u001b[39m\u001b[33m;\u001b[39m\u001b[0m\n    \u001b[0m \u001b[90m 4 |\u001b[39m \u001b[36mimport\u001b[39m { \u001b[33mLocalizationProvider\u001b[39m } \u001b[36mfrom\u001b[39m \u001b[32m\"@mui/x-date-pickers/LocalizationProvider\"\u001b[39m\u001b[33m;\u001b[39m\u001b[0m\n    \u001b[0m\u001b[31m\u001b[1m>\u001b[22m\u001b[39m\u001b[90m 5 |\u001b[39m \u001b[36mimport\u001b[39m { \u001b[33mTimePicker\u001b[39m } \u001b[36mfrom\u001b[39m \u001b[32m\"@mui/x-date-pickers/TimePicker\"\u001b[39m\u001b[33m;\u001b[39m\u001b[0m\n    \u001b[0m \u001b[90m   |\u001b[39m \u001b[31m\u001b[1m^\u001b[22m\u001b[39m\u001b[0m\n    \u001b[0m \u001b[90m 6 |\u001b[39m\u001b[0m\n    \u001b[0m \u001b[90m 7 |\u001b[39m\u001b[0m\n    \u001b[0m \u001b[90m 8 |\u001b[39m \u001b[36mexport\u001b[39m \u001b[36minterface\u001b[39m \u001b[33mTimePickerComponentProps\u001b[39m{\u001b[0m\n\n      \u001b[2mat Object.<anonymous> (\u001b[22mnode_modules/@mui/x-date-pickers/node/internals/components/pickersToolbarTextClasses.js\u001b[2m:17:72)\u001b[22m\n      \u001b[2mat Object.<anonymous> (\u001b[22mnode_modules/@mui/x-date-pickers/node/internals/components/PickersToolbarText.js\u001b[2m:24:34)\u001b[22m\n      \u001b[2mat Object.<anonymous> (\u001b[22mnode_modules/@mui/x-date-pickers/node/TimePicker/TimePickerToolbar.js\u001b[2m:20:27)\u001b[22m\n      \u001b[2mat Object.<anonymous> (\u001b[22mnode_modules/@mui/x-date-pickers/node/DesktopTimePicker/DesktopTimePicker.js\u001b[2m:20:26)\u001b[22m\n      \u001b[2mat Object.<anonymous> (\u001b[22mnode_modules/@mui/x-date-pickers/node/DesktopTimePicker/index.js\u001b[2m:13:26)\u001b[22m\n      \u001b[2mat Object.<anonymous> (\u001b[22mnode_modules/@mui/x-date-pickers/node/TimePicker/TimePicker.js\u001b[2m:22:26)\u001b[22m\n      \u001b[2mat Object.<anonymous> (\u001b[22mnode_modules/@mui/x-date-pickers/node/TimePicker/index.js\u001b[2m:19:19)\u001b[22m\n      \u001b[2mat Object.<anonymous> (\u001b[22msrc/components/core/SharedComponents/TimepickerComponent.tsx\u001b[2m:5:1)\u001b[22m\n      \u001b[2mat Object.<anonymous> (\u001b[22msrc/components/core/SharedComponents/ComponentControl.tsx\u001b[2m:4:1)\u001b[22m\n      \u001b[2mat Object.<anonymous> (\u001b[22msrc/components/tabs/alohaFlow/AddFlow/AddFlow.tsx\u001b[2m:17:1)\u001b[22m\n      \u001b[2mat Object.<anonymous> (\u001b[22msrc/components/tabs/alohaFlow/DataGridFlow/DataGridFlow.tsx\u001b[2m:21:1)\u001b[22m\n      \u001b[2mat Object.<anonymous> (\u001b[22msrc/components/tabs/alohaFlow/AlohaFlowContainer.tsx\u001b[2m:2:1)\u001b[22m\n      \u001b[2mat Object.<anonymous> (\u001b[22msrc/components/tabs/alohaFlow/index.js\u001b[2m:1:1)\u001b[22m\n      \u001b[2mat Object.<anonymous> (\u001b[22msrc/components/tabs/index.js\u001b[2m:4:1)\u001b[22m\n      \u001b[2mat Object.<anonymous> (\u001b[22msrc/components/index.js\u001b[2m:5:1)\u001b[22m\n      \u001b[2mat Object.<anonymous> (\u001b[22m__test__/testConsts/authConsts.js\u001b[2m:1:1)\u001b[22m\n      \u001b[2mat Object.<anonymous> (\u001b[22m__test__/testConsts/index.js\u001b[2m:3:1)\u001b[22m\n      \u001b[2mat Object.<anonymous> (\u001b[22m__test__/index.js\u001b[2m:2:1)\u001b[22m\n      \u001b[2mat Object.<anonymous> (\u001b[22m\u001b[0m\u001b[36msrc/components/core/PhoneNumberInput/test/PhoneNumberInput.test.jsx\u001b[39m\u001b[0m\u001b[2m:13:1)\u001b[22m\n"
    }
  ],
  "passes": [
    {
      "title": "<UserFormButtons /> – Tooltip Toggle – form_didUser === true – forwardToToggle === false – Tooltip title should be blank",
      "fullTitle": "<UserFormButtons />",
      "duration": 261816,
      "errorCount": 0
    },
    {
      "title": "<UserFormButtons /> – Tooltip Toggle – form_didUser === true – forwardToToggle === true – isDidDifferentValue === false – Tooltip title should equal You must edit Outgoing Number and Internal Routing before saving",
      "fullTitle": "<UserFormButtons />",
      "duration": 261816,
      "errorCount": 0
    },
    {
      "title": "<UserFormButtons /> – Tooltip Toggle – form_didUser === true – forwardToToggle === true – isDidDifferentValue === true – Tooltip title should be blank",
      "fullTitle": "<UserFormButtons />",
      "duration": 261816,
      "errorCount": 0
    },
    {
      "title": "<UserFormButtons /> – Tooltip Toggle – form_didUser === false – Tooltip title should be blank",
      "fullTitle": "<UserFormButtons />",
      "duration": 261816,
      "errorCount": 0
    },
    {
      "title": "<UserFormButtons /> – Add/Save User Button – form_formMode === insert – Initial State – UserFormButton should be called 'Add User'",
      "fullTitle": "<UserFormButtons />",
      "duration": 261816,
      "errorCount": 0
    },
    {
      "title": "<UserFormButtons /> – Add/Save User Button – form_formMode === insert – Initial State – When form is valid, Add User Button is enabled",
      "fullTitle": "<UserFormButtons />",
      "duration": 261816,
      "errorCount": 0
    },
    {
      "title": "<UserFormButtons /> – Add/Save User Button – form_formMode === insert – Initial State – When form is invalid, Add User Button is disabled",
      "fullTitle": "<UserFormButtons />",
      "duration": 261816,
      "errorCount": 0
    },
    {
      "title": "<UserFormButtons /> – Add/Save User Button – form_formMode === insert – createUser service call, add office service call, and createCalabruioUser service call are successful – Worker is not a DID user – should save user with non did worker request body when clicked",
      "fullTitle": "<UserFormButtons />",
      "duration": 261816,
      "errorCount": 0
    },
    {
      "title": "<UserFormButtons /> – Add/Save User Button – form_formMode === insert – createUser service call, add office service call, and createCalabruioUser service call are successful – Worker is a DID user – should save user with did worker request body when clicked",
      "fullTitle": "<UserFormButtons />",
      "duration": 261816,
      "errorCount": 0
    },
    {
      "title": "<UserFormButtons /> – Add/Save User Button – form_formMode === insert – createUser service call, add office service call, and createCalabruioUser service call are successful – Worker profile has overflowSkill, zeroOutEnabled and directDialNum – should include overflow skill and save user with did worker request body when clicked",
      "fullTitle": "<UserFormButtons />",
      "duration": 261816,
      "errorCount": 0
    },
    {
      "title": "<UserFormButtons /> – Add/Save User Button – form_formMode === insert – createUser service call, add office service call, and createCalabruioUser service call are successful – Worker profile has overflowSkill, zeroOutEnabled and directDialNum – getNonOverflowSkills returns undefined – Should spread empty array in skills",
      "fullTitle": "<UserFormButtons />",
      "duration": 261816,
      "errorCount": 0
    },
    {
      "title": "<UserFormButtons /> – Add/Save User Button – form_formMode === insert – doCreateUser fails – addOffice fails – should not dispatch AddOffice but should still enable Add User button and save user when clicked",
      "fullTitle": "<UserFormButtons />",
      "duration": 261816,
      "errorCount": 0
    },
    {
      "title": "<UserFormButtons /> – Add/Save User Button – form_formMode === insert – doCreateUser fails – createUser fails – should not add user and should update loading with failed specific error message",
      "fullTitle": "<UserFormButtons />",
      "duration": 261816,
      "errorCount": 0
    },
    {
      "title": "<UserFormButtons /> – Add/Save User Button – form_formMode === insert – doCreateUser fails – createUser fails – should not add user and should update loading with failed generic error message",
      "fullTitle": "<UserFormButtons />",
      "duration": 261816,
      "errorCount": 0
    },
    {
      "title": "<UserFormButtons /> – Add/Save User Button – form_formMode === insert – checkConflictingUsers fails – createCalabrioUser should not be called",
      "fullTitle": "<UserFormButtons />",
      "duration": 261816,
      "errorCount": 0
    },
    {
      "title": "<UserFormButtons /> – Add/Save User Button – form_formMode === insert – createCalabrioUser fails – setForm should not be called",
      "fullTitle": "<UserFormButtons />",
      "duration": 261816,
      "errorCount": 0
    },
    {
      "title": "<UserFormButtons /> – Add/Save User Button – form_formMode === insert – getCalabrioUsers fails – setForm should not be called",
      "fullTitle": "<UserFormButtons />",
      "duration": 261816,
      "errorCount": 0
    },
    {
      "title": "<UserFormButtons /> – Add/Save User Button – form_formMode === update – nNumberFetchedUser is null – fetchUser throws an error – Error is caught and logged",
      "fullTitle": "<UserFormButtons />",
      "duration": 261816,
      "errorCount": 0
    },
    {
      "title": "<UserFormButtons /> – Add/Save User Button – form_formMode === update – nNumberFetchedUser is null – fetchUser is Successful – email matches existing user – fetchUser is run on render and mockSetForm is called once",
      "fullTitle": "<UserFormButtons />",
      "duration": 261816,
      "errorCount": 0
    },
    {
      "title": "<UserFormButtons /> – Add/Save User Button – form_formMode === update – nNumberFetchedUser is null – fetchUser is Successful – email does not match existing user – fetchUser is run on render and mockSetForm is called twice",
      "fullTitle": "<UserFormButtons />",
      "duration": 261816,
      "errorCount": 0
    },
    {
      "title": "<UserFormButtons /> – Add/Save User Button – form_formMode === update – Initial State – UserFormButton should be called 'Save User'",
      "fullTitle": "<UserFormButtons />",
      "duration": 261816,
      "errorCount": 0
    },
    {
      "title": "<UserFormButtons /> – Add/Save User Button – form_formMode === update – Initial State – When form is valid, Add Save Button is enabled",
      "fullTitle": "<UserFormButtons />",
      "duration": 261816,
      "errorCount": 0
    },
    {
      "title": "<UserFormButtons /> – Add/Save User Button – form_formMode === update – Initial State – When form is invalid, Add Save Button is disabled",
      "fullTitle": "<UserFormButtons />",
      "duration": 261816,
      "errorCount": 0
    },
    {
      "title": "<UserFormButtons /> – Add/Save User Button – form_formMode === update – updateUser service call, add office service call, and createCalabrioUser service call are successful – Worker is not a DID user – should save user with non did worker request body when clicked",
      "fullTitle": "<UserFormButtons />",
      "duration": 261816,
      "errorCount": 0
    },
    {
      "title": "<UserFormButtons /> – Add/Save User Button – form_formMode === update – updateUser service call, add office service call, and createCalabrioUser service call are successful – Worker is a DID user – should save user with did worker request body when clicked",
      "fullTitle": "<UserFormButtons />",
      "duration": 261816,
      "errorCount": 0
    },
    {
      "title": "<UserFormButtons /> – Add/Save User Button – form_formMode === update – updateUser service call, add office service call, and createCalabrioUser service call are successful – Worker is a DID user – getNonOverflowSkills returns undefined – Should spread empty array in skills",
      "fullTitle": "<UserFormButtons />",
      "duration": 261816,
      "errorCount": 0
    },
    {
      "title": "<UserFormButtons /> – Add/Save User Button – form_formMode === update – updateUser service call, add office service call, and createCalabrioUser service call are successful – Fields are unchanged – should save user with did worker request body when clicked",
      "fullTitle": "<UserFormButtons />",
      "duration": 261816,
      "errorCount": 0
    },
    {
      "title": "<UserFormButtons /> – Add/Save User Button – form_formMode === update – updateUser service call, add office service call, and createCalabrioUser service call are successful – nNumberFetchedUser is null – should save user with did worker request body when clicked",
      "fullTitle": "<UserFormButtons />",
      "duration": 261816,
      "errorCount": 0
    },
    {
      "title": "<UserFormButtons /> – Add/Save User Button – form_formMode === update – updateUser service call, add office service call, and createCalabrioUser service call are successful – nNumberFetchedUser is missing information – should save user with did worker request body when clicked",
      "fullTitle": "<UserFormButtons />",
      "duration": 261816,
      "errorCount": 0
    },
    {
      "title": "<UserFormButtons /> – Add/Save User Button – form_formMode === update – doUpdateUser fails – should not update user and should update loading with custom error message",
      "fullTitle": "<UserFormButtons />",
      "duration": 261816,
      "errorCount": 0
    },
    {
      "title": "<UserFormButtons /> – Add/Save User Button – form_formMode === update – doUpdateUser fails – should not update user and should update loading with generic failed status",
      "fullTitle": "<UserFormButtons />",
      "duration": 261816,
      "errorCount": 0
    },
    {
      "title": "<UserFormButtons /> – Add/Save User Button – form_formMode === update – checkConflictingUsers fails – updateCalabrioUser should not be called",
      "fullTitle": "<UserFormButtons />",
      "duration": 261816,
      "errorCount": 0
    },
    {
      "title": "<UserFormButtons /> – Add/Save User Button – form_formMode === update – createCalabrioUser fails – setForm should not be called",
      "fullTitle": "<UserFormButtons />",
      "duration": 261816,
      "errorCount": 0
    },
    {
      "title": "<UserFormButtons /> – Add/Save User Button – form_formMode === update – updateCalabrioUser fails – setForm should not be called",
      "fullTitle": "<UserFormButtons />",
      "duration": 261816,
      "errorCount": 0
    },
    {
      "title": "<UserFormButtons /> – Add/Save User Button – form_formMode === update – getCalabrioUsers fails – setForm should not be called",
      "fullTitle": "<UserFormButtons />",
      "duration": 261816,
      "errorCount": 0
    },
    {
      "title": "<UserFormButtons /> – Add/Save User Button – form_formMode === update – calabrioUser is not updated – setForm should not be called",
      "fullTitle": "<UserFormButtons />",
      "duration": 261816,
      "errorCount": 0
    },
    {
      "title": "<UserFormButtons /> – Close Button – When the Close Button is clicked, handleClose and setForm should be called",
      "fullTitle": "<UserFormButtons />",
      "duration": 261816,
      "errorCount": 0
    },
    {
      "title": "userFormReducer – Default Case – should return state",
      "fullTitle": "userFormReducer",
      "duration": 46313,
      "errorCount": 0
    },
    {
      "title": "userFormReducer – ASSIGN_EXTENSION – should change searchStatus state",
      "fullTitle": "userFormReducer",
      "duration": 46313,
      "errorCount": 0
    },
    {
      "title": "userFormReducer – CHECK_CALABRIO_GROUP – checked box checked – should change calabrio group state",
      "fullTitle": "userFormReducer",
      "duration": 46313,
      "errorCount": 0
    },
    {
      "title": "userFormReducer – CHECK_CALABRIO_GROUP – partial box checked – should change calabrio group state",
      "fullTitle": "userFormReducer",
      "duration": 46313,
      "errorCount": 0
    },
    {
      "title": "userFormReducer – CHECK_CALABRIO_TEAM – checked box checked – should change calabrio team state",
      "fullTitle": "userFormReducer",
      "duration": 46313,
      "errorCount": 0
    },
    {
      "title": "userFormReducer – CLEAR_EXTENSION – should clear extension",
      "fullTitle": "userFormReducer",
      "duration": 46313,
      "errorCount": 0
    },
    {
      "title": "userFormReducer – CLEAR_N_NUMBER – should clear nNumber",
      "fullTitle": "userFormReducer",
      "duration": 46313,
      "errorCount": 0
    },
    {
      "title": "userFormReducer – CLEAR_OUTGOING_NUMBER – should clear Outgoing Number",
      "fullTitle": "userFormReducer",
      "duration": 46313,
      "errorCount": 0
    },
    {
      "title": "userFormReducer – COMPLETE_N_NUMBER – should update fetched user",
      "fullTitle": "userFormReducer",
      "duration": 46313,
      "errorCount": 0
    },
    {
      "title": "userFormReducer – EDIT_PEN_CLICK_FORWARD_TO_TOGGLE – should set forward to toggle fields",
      "fullTitle": "userFormReducer",
      "duration": 46313,
      "errorCount": 0
    },
    {
      "title": "userFormReducer – EDIT_PEN_CLICK_NO_FORWARD_TO_TOGGLE – should reset forward to toggle",
      "fullTitle": "userFormReducer",
      "duration": 46313,
      "errorCount": 0
    },
    {
      "title": "userFormReducer – INITIATE_DID_FIELDS - DID User – should initiate DID fields",
      "fullTitle": "userFormReducer",
      "duration": 46313,
      "errorCount": 0
    },
    {
      "title": "userFormReducer – INITIATE_DID_FIELDS - NonDID User – should initiate DID fields and zeroOutEnabled should remain unchanged - false",
      "fullTitle": "userFormReducer",
      "duration": 46313,
      "errorCount": 0
    },
    {
      "title": "userFormReducer – INITIATE_DID_FIELDS - NonDID User – should initiate DID fields and zeroOutEnabled should remain unchanged - true",
      "fullTitle": "userFormReducer",
      "duration": 46313,
      "errorCount": 0
    },
    {
      "title": "userFormReducer – INITIATE_ZERO_OUT_FIELDS – zeroOutEnabled === false – should set zeroOutEnabled to true",
      "fullTitle": "userFormReducer",
      "duration": 46313,
      "errorCount": 0
    },
    {
      "title": "userFormReducer – INITIATE_ZERO_OUT_FIELDS – zeroOutEnabled === true – should initiate zero out fields",
      "fullTitle": "userFormReducer",
      "duration": 46313,
      "errorCount": 0
    },
    {
      "title": "userFormReducer – RESET_FORM – should reset form to initial state",
      "fullTitle": "userFormReducer",
      "duration": 46313,
      "errorCount": 0
    },
    {
      "title": "userFormReducer – RESET_FORM_AFTER_ADD – should reset all form fields except Manager, Team & Outbound Number",
      "fullTitle": "userFormReducer",
      "duration": 46313,
      "errorCount": 0
    },
    {
      "title": "userFormReducer – RESET_FORM_AFTER_ADD – should reset all form fields except Manager, Team & DID Toggle",
      "fullTitle": "userFormReducer",
      "duration": 46313,
      "errorCount": 0
    },
    {
      "title": "userFormReducer – SET_BLUR_ON_FIELD – should reset field blurred property to true",
      "fullTitle": "userFormReducer",
      "duration": 46313,
      "errorCount": 0
    },
    {
      "title": "userFormReducer – SET_CALABRIO_USER – should set Calabrio User to Payload",
      "fullTitle": "userFormReducer",
      "duration": 46313,
      "errorCount": 0
    },
    {
      "title": "userFormReducer – SET_CALABRIO_ROLES – should set Calabrio User Roles to Payload",
      "fullTitle": "userFormReducer",
      "duration": 46313,
      "errorCount": 0
    },
    {
      "title": "userFormReducer – SET_CALABRIO_TEAM – should set Calabrio User Roles to Payload",
      "fullTitle": "userFormReducer",
      "duration": 46313,
      "errorCount": 0
    },
    {
      "title": "userFormReducer – SET_CALABRIO_TEAM – should set Calabrio User Roles to Payload (2)",
      "fullTitle": "userFormReducer",
      "duration": 46313,
      "errorCount": 0
    },
    {
      "title": "userFormReducer – SET_DISCREPANCIES – should set Calabrio User Roles to Payload",
      "fullTitle": "userFormReducer",
      "duration": 46313,
      "errorCount": 0
    },
    {
      "title": "userFormReducer – SET_EXTENSION_MESSAGE – SET_EXTENSION_MESSAGE should update message",
      "fullTitle": "userFormReducer",
      "duration": 46313,
      "errorCount": 0
    },
    {
      "title": "userFormReducer – SET_EXTENSION_RETRIES – remaining === 0 – SET_EXTENSION_RETRIES should decrement retriesRemaining",
      "fullTitle": "userFormReducer",
      "duration": 46313,
      "errorCount": 0
    },
    {
      "title": "userFormReducer – SET_EXTENSION_RETRIES – remaining > 0 – SET_EXTENSION_RETRIES should decrement retriesRemaining",
      "fullTitle": "userFormReducer",
      "duration": 46313,
      "errorCount": 0
    },
    {
      "title": "userFormReducer – SET_EXTENSION_VERIFIED – SET_EXTENSION_VERIFIED reset search params and a verified message",
      "fullTitle": "userFormReducer",
      "duration": 46313,
      "errorCount": 0
    },
    {
      "title": "userFormReducer – SET_UPDATE_FORM_STATE for DID User – should reset form to update state",
      "fullTitle": "userFormReducer",
      "duration": 46313,
      "errorCount": 0
    },
    {
      "title": "userFormReducer – SET_UPDATE_FORM_STATE for NonDID User – should reset form to update state",
      "fullTitle": "userFormReducer",
      "duration": 46313,
      "errorCount": 0
    },
    {
      "title": "userFormReducer – SET_USER_PREVIOUSLY_ADDED_TRUE – should set userPreviouslyAdded to true",
      "fullTitle": "userFormReducer",
      "duration": 46313,
      "errorCount": 0
    },
    {
      "title": "userFormReducer – UPDATE_DEFAULT_SKILLS – should update default skills",
      "fullTitle": "userFormReducer",
      "duration": 46313,
      "errorCount": 0
    },
    {
      "title": "userFormReducer – UPDATE_EXTENSION – Extension is valid – should update extension",
      "fullTitle": "userFormReducer",
      "duration": 46313,
      "errorCount": 0
    },
    {
      "title": "userFormReducer – UPDATE_EXTENSION – Extension is not valid – should update extension",
      "fullTitle": "userFormReducer",
      "duration": 46313,
      "errorCount": 0
    },
    {
      "title": "userFormReducer – UPDATE_INACTIVE_FORWARD_TO – should update inactive forward to",
      "fullTitle": "userFormReducer",
      "duration": 46313,
      "errorCount": 0
    },
    {
      "title": "userFormReducer – UPDATE_MANAGER – should update manager",
      "fullTitle": "userFormReducer",
      "duration": 46313,
      "errorCount": 0
    },
    {
      "title": "userFormReducer – UPDATE_N_NUMBER – should update nNumber",
      "fullTitle": "userFormReducer",
      "duration": 46313,
      "errorCount": 0
    },
    {
      "title": "userFormReducer – UPDATE_PHONE_NUMBER with e164 – should update phone number",
      "fullTitle": "userFormReducer",
      "duration": 46313,
      "errorCount": 0
    },
    {
      "title": "userFormReducer – UPDATE_PHONE_NUMBER without e164 – should update phone number",
      "fullTitle": "userFormReducer",
      "duration": 46313,
      "errorCount": 0
    },
    {
      "title": "userFormReducer – UPDATE_TEAM – Profile is updated from a profile without a zero out skill to one with a zero out skill – should update team and set zeroOutEnabled to true",
      "fullTitle": "userFormReducer",
      "duration": 46313,
      "errorCount": 0
    },
    {
      "title": "userFormReducer – UPDATE_TEAM – Profile is updated from a profile with a zero out skill to one without – should update team and set zeroOutEnabled to false",
      "fullTitle": "userFormReducer",
      "duration": 46313,
      "errorCount": 0
    },
    {
      "title": "<BasicFormInfo /> – Manager dropdown – Should render the correct initial state",
      "fullTitle": "<BasicFormInfo />",
      "duration": 28795,
      "errorCount": 0
    },
    {
      "title": "<BasicFormInfo /> – Manager dropdown – options is not an object – should return empty string",
      "fullTitle": "<BasicFormInfo />",
      "duration": 28795,
      "errorCount": 0
    },
    {
      "title": "<BasicFormInfo /> – Manager dropdown – manager field is invalid – error field should be true",
      "fullTitle": "<BasicFormInfo />",
      "duration": 28795,
      "errorCount": 0
    },
    {
      "title": "<BasicFormInfo /> – Manager dropdown – onBlur - invalid manager should set blur on field",
      "fullTitle": "<BasicFormInfo />",
      "duration": 28795,
      "errorCount": 0
    },
    {
      "title": "<BasicFormInfo /> – Manager dropdown – onBlur - valid manager should not set blur on field",
      "fullTitle": "<BasicFormInfo />",
      "duration": 28795,
      "errorCount": 0
    },
    {
      "title": "<BasicFormInfo /> – Manager dropdown – updateValue - should set manager and team to correct value",
      "fullTitle": "<BasicFormInfo />",
      "duration": 28795,
      "errorCount": 0
    },
    {
      "title": "<BasicFormInfo /> – Manager dropdown – updateValue - should set manager to correct value and reset team",
      "fullTitle": "<BasicFormInfo />",
      "duration": 28795,
      "errorCount": 0
    },
    {
      "title": "<BasicFormInfo /> – Team dropdown – Should render the correct initial state",
      "fullTitle": "<BasicFormInfo />",
      "duration": 28795,
      "errorCount": 0
    },
    {
      "title": "<BasicFormInfo /> – Team dropdown – error field should be true",
      "fullTitle": "<BasicFormInfo />",
      "duration": 28795,
      "errorCount": 0
    },
    {
      "title": "<BasicFormInfo /> – Team dropdown – onBlur - invalid profileId should set blur on field",
      "fullTitle": "<BasicFormInfo />",
      "duration": 28795,
      "errorCount": 0
    },
    {
      "title": "<BasicFormInfo /> – Team dropdown – onBlur - valid profileId should not set blur on field",
      "fullTitle": "<BasicFormInfo />",
      "duration": 28795,
      "errorCount": 0
    },
    {
      "title": "<BasicFormInfo /> – Team dropdown – updateValue - should set profile_id to correct value",
      "fullTitle": "<BasicFormInfo />",
      "duration": 28795,
      "errorCount": 0
    },
    {
      "title": "<BasicFormInfo /> – Outgoing Number – Should render the correct initial state",
      "fullTitle": "<BasicFormInfo />",
      "duration": 28795,
      "errorCount": 0
    },
    {
      "title": "<BasicFormInfo /> – Outgoing Number – disabled property should be true",
      "fullTitle": "<BasicFormInfo />",
      "duration": 28795,
      "errorCount": 0
    },
    {
      "title": "<BasicFormInfo /> – Outgoing Number – onBlur - invalid number should set blur on field",
      "fullTitle": "<BasicFormInfo />",
      "duration": 28795,
      "errorCount": 0
    },
    {
      "title": "<BasicFormInfo /> – Outgoing Number – onBlur - valid number should not set blur on field",
      "fullTitle": "<BasicFormInfo />",
      "duration": 28795,
      "errorCount": 0
    },
    {
      "title": "<BasicFormInfo /> – Outgoing Number – updateValue - should set outgoing to correct value",
      "fullTitle": "<BasicFormInfo />",
      "duration": 28795,
      "errorCount": 0
    },
    {
      "title": "<BasicFormInfo /> – nNumber field – Should render the correct initial state",
      "fullTitle": "<BasicFormInfo />",
      "duration": 28795,
      "errorCount": 0
    },
    {
      "title": "<BasicFormInfo /> – nNumber field – disabled property should be true on update form",
      "fullTitle": "<BasicFormInfo />",
      "duration": 28795,
      "errorCount": 0
    },
    {
      "title": "<BasicFormInfo /> – nNumber field – disabled property should be true on successful fetched user",
      "fullTitle": "<BasicFormInfo />",
      "duration": 28795,
      "errorCount": 0
    },
    {
      "title": "<BasicFormInfo /> – nNumber field – onBlur - invalid number should set blur on field",
      "fullTitle": "<BasicFormInfo />",
      "duration": 28795,
      "errorCount": 0
    },
    {
      "title": "<BasicFormInfo /> – nNumber field – onBlur - valid number should not set blur on field",
      "fullTitle": "<BasicFormInfo />",
      "duration": 28795,
      "errorCount": 0
    },
    {
      "title": "<BasicFormInfo /> – nNumber field – onClear - should clear nNumber",
      "fullTitle": "<BasicFormInfo />",
      "duration": 28795,
      "errorCount": 0
    },
    {
      "title": "<BasicFormInfo /> – nNumber field – onComplete - should complete nNumber",
      "fullTitle": "<BasicFormInfo />",
      "duration": 28795,
      "errorCount": 0
    },
    {
      "title": "<BasicFormInfo /> – nNumber field – onUpdate - should set nNumber to correct value",
      "fullTitle": "<BasicFormInfo />",
      "duration": 28795,
      "errorCount": 0
    },
    {
      "title": "<BasicFormInfo /> – Did Fields – form_didUser === false – Initial State – Should render the correct initial state",
      "fullTitle": "<BasicFormInfo />",
      "duration": 28795,
      "errorCount": 0
    },
    {
      "title": "<BasicFormInfo /> – Did Fields – form_didUser === false – Initial State – DID Tooltip Title should be message when formMode === update",
      "fullTitle": "<BasicFormInfo />",
      "duration": 28795,
      "errorCount": 0
    },
    {
      "title": "<BasicFormInfo /> – Did Fields – form_didUser === false – DID User Switch – form is in edit mode or form is in add mode opened fresh (no users have been added yet) – When onChange is called, setForm is called",
      "fullTitle": "<BasicFormInfo />",
      "duration": 28795,
      "errorCount": 0
    },
    {
      "title": "<BasicFormInfo /> – Did Fields – form_didUser === false – DID User Switch – still on add form after at least one user has been added – When onChange is called, setForm is called",
      "fullTitle": "<BasicFormInfo />",
      "duration": 28795,
      "errorCount": 0
    },
    {
      "title": "<BasicFormInfo /> – Did Fields – form_didUser === true – Extension field – Expected extension props",
      "fullTitle": "<BasicFormInfo />",
      "duration": 28795,
      "errorCount": 0
    },
    {
      "title": "<BasicFormInfo /> – Did Fields – form_didUser === true – Extension field – original value should be undefined",
      "fullTitle": "<BasicFormInfo />",
      "duration": 28795,
      "errorCount": 0
    },
    {
      "title": "<BasicFormInfo /> – Did Fields – form_didUser === true – Extension field – error field should be true",
      "fullTitle": "<BasicFormInfo />",
      "duration": 28795,
      "errorCount": 0
    },
    {
      "title": "<BasicFormInfo /> – Did Fields – form_didUser === true – Extension field – onClear - should reset the field",
      "fullTitle": "<BasicFormInfo />",
      "duration": 28795,
      "errorCount": 0
    },
    {
      "title": "<BasicFormInfo /> – Did Fields – form_didUser === true – Extension field – button label should be 'Verify' when a valid extension is entered",
      "fullTitle": "<BasicFormInfo />",
      "duration": 28795,
      "errorCount": 0
    },
    {
      "title": "<BasicFormInfo /> – Did Fields – form_didUser === true – Extension field – button label should be 'Auto-Assign' when extension is blank",
      "fullTitle": "<BasicFormInfo />",
      "duration": 28795,
      "errorCount": 0
    },
    {
      "title": "<BasicFormInfo /> – Did Fields – form_didUser === true – Extension field – click the 'Validate' button",
      "fullTitle": "<BasicFormInfo />",
      "duration": 28795,
      "errorCount": 0
    },
    {
      "title": "<BasicFormInfo /> – Did Fields – form_didUser === true – Extension field – error message is displayed for a reserved extension number",
      "fullTitle": "<BasicFormInfo />",
      "duration": 28795,
      "errorCount": 0
    },
    {
      "title": "<BasicFormInfo /> – Did Fields – form_didUser === true – Extension field – click the Auto-Assign button",
      "fullTitle": "<BasicFormInfo />",
      "duration": 28795,
      "errorCount": 0
    },
    {
      "title": "<BasicFormInfo /> – Did Fields – form_didUser === true – Extension field – Auto-Assign retries exhausted",
      "fullTitle": "<BasicFormInfo />",
      "duration": 28795,
      "errorCount": 0
    },
    {
      "title": "<BasicFormInfo /> – Did Fields – form_didUser === true – Extension field – Auto-Assign retries not exhausted",
      "fullTitle": "<BasicFormInfo />",
      "duration": 28795,
      "errorCount": 0
    },
    {
      "title": "<BasicFormInfo /> – Did Fields – form_didUser === true – Extension field – extension not available",
      "fullTitle": "<BasicFormInfo />",
      "duration": 28795,
      "errorCount": 0
    },
    {
      "title": "<BasicFormInfo /> – Did Fields – form_didUser === true – Extension field – extension not available (2)",
      "fullTitle": "<BasicFormInfo />",
      "duration": 28795,
      "errorCount": 0
    },
    {
      "title": "<BasicFormInfo /> – Did Fields – form_didUser === true – Extension field – error while checking extension",
      "fullTitle": "<BasicFormInfo />",
      "duration": 28795,
      "errorCount": 0
    },
    {
      "title": "<BasicFormInfo /> – Did Fields – form_didUser === true – Extension field – update the extension",
      "fullTitle": "<BasicFormInfo />",
      "duration": 28795,
      "errorCount": 0
    },
    {
      "title": "<BasicFormInfo /> – Did Fields – form_didUser === true – Extension field – when onChange is called, setForm is called to clear extension",
      "fullTitle": "<BasicFormInfo />",
      "duration": 28795,
      "errorCount": 0
    },
    {
      "title": "<BasicFormInfo /> – Did Fields – form_didUser === true – formMode === insert – Should render the correct initial state",
      "fullTitle": "<BasicFormInfo />",
      "duration": 28795,
      "errorCount": 0
    },
    {
      "title": "<BasicFormInfo /> – Did Fields – form_didUser === true – formMode === insert – Overflow Tooltip Title should be message when overflowSkill is not undefined",
      "fullTitle": "<BasicFormInfo />",
      "duration": 28795,
      "errorCount": 0
    },
    {
      "title": "<BasicFormInfo /> – Did Fields – form_didUser === true – formMode === update – Should render the correct initial state",
      "fullTitle": "<BasicFormInfo />",
      "duration": 28795,
      "errorCount": 0
    },
    {
      "title": "<BasicFormInfo /> – Did Fields – form_didUser === true – Overflow Skill Switch – Should be disabled with overFlowSkills are undefined",
      "fullTitle": "<BasicFormInfo />",
      "duration": 28795,
      "errorCount": 0
    },
    {
      "title": "<BasicFormInfo /> – Did Fields – form_didUser === true – Overflow Skill Switch – When onChange is called, setForm is called",
      "fullTitle": "<BasicFormInfo />",
      "duration": 28795,
      "errorCount": 0
    },
    {
      "title": "<SaveButton />  – initial render – isSingleSelection === true && action !== view – should render button with single selection text",
      "fullTitle": "<SaveButton /> ",
      "duration": 34544,
      "errorCount": 0
    },
    {
      "title": "<SaveButton />  – initial render – isMultiSelection === true && action !== view – should render button with multiple selection text",
      "fullTitle": "<SaveButton /> ",
      "duration": 34544,
      "errorCount": 0
    },
    {
      "title": "<SaveButton />  – initial render – action === view – button should not be rendered",
      "fullTitle": "<SaveButton /> ",
      "duration": 34544,
      "errorCount": 0
    },
    {
      "title": "<SaveButton />  – initial render – no skills are selected – button should not be rendered",
      "fullTitle": "<SaveButton /> ",
      "duration": 34544,
      "errorCount": 0
    },
    {
      "title": "<SaveButton />  – handleOnSave is called – action === edit – messageType is FLASH – confirmation modal options are set to expected properties",
      "fullTitle": "<SaveButton /> ",
      "duration": 34544,
      "errorCount": 0
    },
    {
      "title": "<SaveButton />  – handleOnSave is called – action === edit – messageType is FLASH – onConfirm is called – handleResults – all promises are resolved – dispatch should be called for all resolved promises",
      "fullTitle": "<SaveButton /> ",
      "duration": 34544,
      "errorCount": 0
    },
    {
      "title": "<SaveButton />  – handleOnSave is called – action === edit – messageType is FLASH – onConfirm is called – partial promises are resolved – dispatch should be called resolved promises and modal overlay should display partial fail skills",
      "fullTitle": "<SaveButton /> ",
      "duration": 34544,
      "errorCount": 0
    },
    {
      "title": "<SaveButton />  – handleOnSave is called – action === edit – messageType is FLASH – onConfirm is called – all promises are rejected – modal overlay should display as failed",
      "fullTitle": "<SaveButton /> ",
      "duration": 34544,
      "errorCount": 0
    },
    {
      "title": "<SaveButton />  – handleOnSave is called – action === edit – messageType is CLOSED – confirmation modal options are set to expected properties",
      "fullTitle": "<SaveButton /> ",
      "duration": 34544,
      "errorCount": 0
    },
    {
      "title": "<SaveButton />  – handleOnSave is called – action === edit – messageType is CLOSED – onConfirm is called – handleResults – all promises are resolved – dispatch should be called for all resolved promises",
      "fullTitle": "<SaveButton /> ",
      "duration": 34544,
      "errorCount": 0
    },
    {
      "title": "<SaveButton />  – handleOnSave is called – action === edit – messageType is CLOSED – onConfirm is called – partial promises are resolved – dispatch should be called resolved promises and modal overlay should display partial fail skills",
      "fullTitle": "<SaveButton /> ",
      "duration": 34544,
      "errorCount": 0
    },
    {
      "title": "<SaveButton />  – handleOnSave is called – action === edit – messageType is CLOSED – onConfirm is called – all promises are rejected – modal overlay should display as failed",
      "fullTitle": "<SaveButton /> ",
      "duration": 34544,
      "errorCount": 0
    },
    {
      "title": "<SaveButton />  – handleOnSave is called – action === delete – messageType is FLASH – confirmation modal options are set to expected properties",
      "fullTitle": "<SaveButton /> ",
      "duration": 34544,
      "errorCount": 0
    },
    {
      "title": "<SaveButton />  – handleOnSave is called – action === delete – messageType is FLASH – onConfirm is called – handleResults – all promises are resolved – dispatch should be called for all resolved promises",
      "fullTitle": "<SaveButton /> ",
      "duration": 34544,
      "errorCount": 0
    },
    {
      "title": "<SaveButton />  – handleOnSave is called – action === delete – messageType is FLASH – onConfirm is called – partial promises are resolved – dispatch should be called resolved promises and modal overlay should display partial fail skills",
      "fullTitle": "<SaveButton /> ",
      "duration": 34544,
      "errorCount": 0
    },
    {
      "title": "<SaveButton />  – handleOnSave is called – action === delete – messageType is FLASH – onConfirm is called – all promises are rejected – modal overlay should display as failed",
      "fullTitle": "<SaveButton /> ",
      "duration": 34544,
      "errorCount": 0
    },
    {
      "title": "<SaveButton />  – handleOnSave is called – action === delete – messageType is CLOSED – confirmation modal options are set to expected properties",
      "fullTitle": "<SaveButton /> ",
      "duration": 34544,
      "errorCount": 0
    },
    {
      "title": "<SaveButton />  – handleOnSave is called – action === delete – messageType is CLOSED – onConfirm is called – handleResults – all promises are resolved – dispatch should be called for all resolved promises",
      "fullTitle": "<SaveButton /> ",
      "duration": 34544,
      "errorCount": 0
    },
    {
      "title": "<SaveButton />  – handleOnSave is called – action === delete – messageType is CLOSED – onConfirm is called – partial promises are resolved – dispatch should be called resolved promises and modal overlay should display partial fail skills",
      "fullTitle": "<SaveButton /> ",
      "duration": 34544,
      "errorCount": 0
    },
    {
      "title": "<SaveButton />  – handleOnSave is called – action === delete – messageType is CLOSED – onConfirm is called – all promises are rejected – modal overlay should display as failed",
      "fullTitle": "<SaveButton /> ",
      "duration": 34544,
      "errorCount": 0
    },
    {
      "title": "<SaveButton />  – handleOnSave is called – action is undefined – nothing happens",
      "fullTitle": "<SaveButton /> ",
      "duration": 34544,
      "errorCount": 0
    },
    {
      "title": "CallRecordingForm – User is being created – initial render – groups length is 0 while groups > 0 – setScopeOnNewUser is called",
      "fullTitle": "CallRecordingForm",
      "duration": 25174,
      "errorCount": 0
    },
    {
      "title": "CallRecordingForm – User is being created – initial render – teams length is 0 while teams > 0 – setScopeOnNewUser is called",
      "fullTitle": "CallRecordingForm",
      "duration": 25174,
      "errorCount": 0
    },
    {
      "title": "CallRecordingForm – User is being created – initial render – groups and teams are both empty – Form is rendered as expected",
      "fullTitle": "CallRecordingForm",
      "duration": 25174,
      "errorCount": 0
    },
    {
      "title": "CallRecordingForm – User is being created – initial render – groups and teams are both length > 0 – Form is rendered as expected",
      "fullTitle": "CallRecordingForm",
      "duration": 25174,
      "errorCount": 0
    },
    {
      "title": "CallRecordingForm – User is being created – Role Dropdown – updateValue is called – setForm is called with the appropriate params",
      "fullTitle": "CallRecordingForm",
      "duration": 25174,
      "errorCount": 0
    },
    {
      "title": "CallRecordingForm – User is being created – Team Dropdown – manager's'calabrio teams is not null – The dropdown should only show the managers teams",
      "fullTitle": "CallRecordingForm",
      "duration": 25174,
      "errorCount": 0
    },
    {
      "title": "CallRecordingForm – User is being created – Team Dropdown – updateValue is called – setForm is called with the appropriate params",
      "fullTitle": "CallRecordingForm",
      "duration": 25174,
      "errorCount": 0
    },
    {
      "title": "CallRecordingForm – User is being created – Timezone Dropdown – updateValue is called – setForm is called with the appropriate params",
      "fullTitle": "CallRecordingForm",
      "duration": 25174,
      "errorCount": 0
    },
    {
      "title": "CallRecordingForm – User is being updated – initial successful render – Form is rendered as expected",
      "fullTitle": "CallRecordingForm",
      "duration": 25174,
      "errorCount": 0
    },
    {
      "title": "CallRecordingForm – User is being updated – Ad Login on User Record does not match form_nNumber_value – Form is rendered as expected",
      "fullTitle": "CallRecordingForm",
      "duration": 25174,
      "errorCount": 0
    },
    {
      "title": "CallRecordingForm – User is being updated – Email on User Record does not match form_nNumberFetchedUser_email – Form is rendered as expected",
      "fullTitle": "CallRecordingForm",
      "duration": 25174,
      "errorCount": 0
    },
    {
      "title": "CallRecordingForm – User is being updated – worker was not found in Calabrio User state – Form is rendered as expected",
      "fullTitle": "CallRecordingForm",
      "duration": 25174,
      "errorCount": 0
    },
    {
      "title": "CallRecordingForm – User is being updated – Worker was found in Calabrio User state but failed to fetch user – Form is rendered as expected",
      "fullTitle": "CallRecordingForm",
      "duration": 25174,
      "errorCount": 0
    },
    {
      "title": "isProfileIdValid – should return true when profile is populated",
      "fullTitle": "isProfileIdValid",
      "duration": 40568,
      "errorCount": 0
    },
    {
      "title": "isProfileIdValid – should return false when profile is empty string",
      "fullTitle": "isProfileIdValid",
      "duration": 40568,
      "errorCount": 0
    },
    {
      "title": "isManagerValid – should return true when manager is populated",
      "fullTitle": "isManagerValid",
      "duration": 40568,
      "errorCount": 0
    },
    {
      "title": "isManagerValid – should return false when manager is empty string",
      "fullTitle": "isManagerValid",
      "duration": 40568,
      "errorCount": 0
    },
    {
      "title": "isNNumberValid – should return true when nNumberFetchedUser is populated",
      "fullTitle": "isNNumberValid",
      "duration": 40568,
      "errorCount": 0
    },
    {
      "title": "isNNumberValid – should return false when nNumberFetchedUser is not populated",
      "fullTitle": "isNNumberValid",
      "duration": 40568,
      "errorCount": 0
    },
    {
      "title": "isExtensionValid – should return true when extension is valid",
      "fullTitle": "isExtensionValid",
      "duration": 40568,
      "errorCount": 0
    },
    {
      "title": "isExtensionValid – should return true when extension is empty string",
      "fullTitle": "isExtensionValid",
      "duration": 40568,
      "errorCount": 0
    },
    {
      "title": "isExtensionValid – should return false when extension is invalid and value is not an empty string",
      "fullTitle": "isExtensionValid",
      "duration": 40568,
      "errorCount": 0
    },
    {
      "title": "isInactiveForwardToValid – forwardToToggle === true – should return true when inactiveForwardTo is not null",
      "fullTitle": "isInactiveForwardToValid",
      "duration": 40568,
      "errorCount": 0
    },
    {
      "title": "isInactiveForwardToValid – forwardToToggle === true – should return false when inactiveForwardTo is null",
      "fullTitle": "isInactiveForwardToValid",
      "duration": 40568,
      "errorCount": 0
    },
    {
      "title": "isInactiveForwardToValid – forwardToToggle === false – should return true",
      "fullTitle": "isInactiveForwardToValid",
      "duration": 40568,
      "errorCount": 0
    },
    {
      "title": "isDidDifferentValid – forwardToToggle === true – should return true if both outgoing and directDial Num have been changed",
      "fullTitle": "isDidDifferentValid",
      "duration": 40568,
      "errorCount": 0
    },
    {
      "title": "isDidDifferentValid – forwardToToggle === true – should return true if both outgoing and directDial Num are unchanged",
      "fullTitle": "isDidDifferentValid",
      "duration": 40568,
      "errorCount": 0
    },
    {
      "title": "isDidDifferentValid – forwardToToggle === true – should return false if only one number is changed",
      "fullTitle": "isDidDifferentValid",
      "duration": 40568,
      "errorCount": 0
    },
    {
      "title": "isDidDifferentValid – forwardToToggle === false – should return true",
      "fullTitle": "isDidDifferentValid",
      "duration": 40568,
      "errorCount": 0
    },
    {
      "title": "getTargetProfile – should return profile when found in profile list",
      "fullTitle": "getTargetProfile",
      "duration": 40568,
      "errorCount": 0
    },
    {
      "title": "getTargetProfile – should return undefined if profile is not found",
      "fullTitle": "getTargetProfile",
      "duration": 40568,
      "errorCount": 0
    },
    {
      "title": "getOverflowSkillFromProfile – should return skill if profile has overflow skill",
      "fullTitle": "getOverflowSkillFromProfile",
      "duration": 40568,
      "errorCount": 0
    },
    {
      "title": "getOverflowSkillFromProfile – should return undefined if profile does not have overflow skill",
      "fullTitle": "getOverflowSkillFromProfile",
      "duration": 40568,
      "errorCount": 0
    },
    {
      "title": "removeProfileZeroIfAdminNotInProfileZero – user is a triton-admin, should return full profile list",
      "fullTitle": "removeProfileZeroIfAdminNotInProfileZero",
      "duration": 40568,
      "errorCount": 0
    },
    {
      "title": "removeProfileZeroIfAdminNotInProfileZero – user is not a triton-admin, should return full not profile list",
      "fullTitle": "removeProfileZeroIfAdminNotInProfileZero",
      "duration": 40568,
      "errorCount": 0
    },
    {
      "title": "removeProfileZeroIfAdminNotInProfileZero – user state is erroneous, should return full not profile list",
      "fullTitle": "removeProfileZeroIfAdminNotInProfileZero",
      "duration": 40568,
      "errorCount": 0
    },
    {
      "title": "getOverflowSkills – should return overflow skills from profile list",
      "fullTitle": "getOverflowSkills",
      "duration": 40568,
      "errorCount": 0
    },
    {
      "title": "workerHasOverFlowSkill – should return true if worker has overflow skill",
      "fullTitle": "workerHasOverFlowSkill",
      "duration": 40568,
      "errorCount": 0
    },
    {
      "title": "workerHasOverFlowSkill – should return false if worker does not have overflow skill",
      "fullTitle": "workerHasOverFlowSkill",
      "duration": 40568,
      "errorCount": 0
    },
    {
      "title": "getNonOverflowSkills – should return non overflow skills",
      "fullTitle": "getNonOverflowSkills",
      "duration": 40568,
      "errorCount": 0
    },
    {
      "title": "isFormUpdated – form was not updated",
      "fullTitle": "isFormUpdated",
      "duration": 40568,
      "errorCount": 0
    },
    {
      "title": "isFormUpdated – form_defaultSkillsUpdated was updated",
      "fullTitle": "isFormUpdated",
      "duration": 40568,
      "errorCount": 0
    },
    {
      "title": "isFormUpdated – form_manager_updated was updated",
      "fullTitle": "isFormUpdated",
      "duration": 40568,
      "errorCount": 0
    },
    {
      "title": "isFormUpdated – form_profileId_updated was updated",
      "fullTitle": "isFormUpdated",
      "duration": 40568,
      "errorCount": 0
    },
    {
      "title": "isFormUpdated – form_outgoing_updated was updated",
      "fullTitle": "isFormUpdated",
      "duration": 40568,
      "errorCount": 0
    },
    {
      "title": "isFormUpdated – form_alternateDid_updated was updated",
      "fullTitle": "isFormUpdated",
      "duration": 40568,
      "errorCount": 0
    },
    {
      "title": "isFormUpdated – form_directDialNum_updated was updated",
      "fullTitle": "isFormUpdated",
      "duration": 40568,
      "errorCount": 0
    },
    {
      "title": "isFormUpdated – form_nNumber_updated was updated",
      "fullTitle": "isFormUpdated",
      "duration": 40568,
      "errorCount": 0
    },
    {
      "title": "isFormUpdated – form_extension_updated was updated",
      "fullTitle": "isFormUpdated",
      "duration": 40568,
      "errorCount": 0
    },
    {
      "title": "isFormUpdated – form_inactiveForwardTo_updated was updated",
      "fullTitle": "isFormUpdated",
      "duration": 40568,
      "errorCount": 0
    },
    {
      "title": "isFormUpdated – form_zeroOutEnabledUpdated was updated",
      "fullTitle": "isFormUpdated",
      "duration": 40568,
      "errorCount": 0
    },
    {
      "title": "isFormValid – Form is valid – forwardToToggle === true – isFormValid should return true",
      "fullTitle": "isFormValid",
      "duration": 40568,
      "errorCount": 0
    },
    {
      "title": "isFormValid – Form is valid – form_didUser === true && forwardToToggle === false – isFormValid should return true",
      "fullTitle": "isFormValid",
      "duration": 40568,
      "errorCount": 0
    },
    {
      "title": "isFormValid – Form is valid – extension is empty – isFormValid should return true",
      "fullTitle": "isFormValid",
      "duration": 40568,
      "errorCount": 0
    },
    {
      "title": "isFormValid – Form is invalid – form_formMode === insert && nNumberFetchedUser is null – isFormValid should return false",
      "fullTitle": "isFormValid",
      "duration": 40568,
      "errorCount": 0
    },
    {
      "title": "isFormValid – Form is invalid – Profile Id is empty string – isFormValid should return false",
      "fullTitle": "isFormValid",
      "duration": 40568,
      "errorCount": 0
    },
    {
      "title": "isFormValid – Form is invalid – Manager is empty string – isFormValid should return false",
      "fullTitle": "isFormValid",
      "duration": 40568,
      "errorCount": 0
    },
    {
      "title": "isFormValid – Form is invalid – Outgoing number is not valid – isFormValid should return false",
      "fullTitle": "isFormValid",
      "duration": 40568,
      "errorCount": 0
    },
    {
      "title": "isFormValid – Form is invalid – Extension is not valid – isFormValid should return false",
      "fullTitle": "isFormValid",
      "duration": 40568,
      "errorCount": 0
    },
    {
      "title": "isFormValid – Form is invalid – form_didUser === true – Direct Dial Number is not valid – isFormValid should return false",
      "fullTitle": "isFormValid",
      "duration": 40568,
      "errorCount": 0
    },
    {
      "title": "isFormValid – Form is invalid – form_didUser === true – Alternate DID is not valid – isFormValid should return false",
      "fullTitle": "isFormValid",
      "duration": 40568,
      "errorCount": 0
    },
    {
      "title": "isFormValid – Form is invalid – form_didUser === true – forwardToToggle === true – Outgoing number was updated but Direct Dial Number was not – isFormValid should return false",
      "fullTitle": "isFormValid",
      "duration": 40568,
      "errorCount": 0
    },
    {
      "title": "isFormValid – Form is invalid – form_didUser === true – forwardToToggle === true – Direct Dial number was updated but Outbound Number was not – isFormValid should return false",
      "fullTitle": "isFormValid",
      "duration": 40568,
      "errorCount": 0
    },
    {
      "title": "<DirectoryEntryForm /> – form is in INSERT mode – directoryState_directoryEntryFormInitialValues does not include intial values – header text has add verbiage",
      "fullTitle": "<DirectoryEntryForm />",
      "duration": 50714,
      "errorCount": 0
    },
    {
      "title": "<DirectoryEntryForm /> – form is in INSERT mode – directoryState_directoryEntryFormInitialValues does not include intial values – should render input components with no initial values, no error flags on inputs and save button disabled",
      "fullTitle": "<DirectoryEntryForm />",
      "duration": 50714,
      "errorCount": 0
    },
    {
      "title": "<DirectoryEntryForm /> – form is in INSERT mode – directoryState_directoryEntryFormInitialValues does not include intial values – calling onBlur on text fields and making fields invalid should trigger the various error logic",
      "fullTitle": "<DirectoryEntryForm />",
      "duration": 50714,
      "errorCount": 0
    },
    {
      "title": "<DirectoryEntryForm /> – form is in INSERT mode – directoryState_directoryEntryFormInitialValues does not include intial values – service call to insert directory entry succeeds – submit button should be disabled then entering valid values in all the required fields should enable the submit button and show success overlay on click",
      "fullTitle": "<DirectoryEntryForm />",
      "duration": 50714,
      "errorCount": 0
    },
    {
      "title": "<DirectoryEntryForm /> – form is in INSERT mode – directoryState_directoryEntryFormInitialValues does not include intial values – service call to insert directory entry fails – submit button should be disabled then entering valid values in all the required fields should enable the submit button and show failure overlay on click",
      "fullTitle": "<DirectoryEntryForm />",
      "duration": 50714,
      "errorCount": 0
    },
    {
      "title": "<DirectoryEntryForm /> – form is in UPDATE mode – directoryState_directoryEntryFormInitialValues includes initial values for all fields – header text has edit verbiage",
      "fullTitle": "<DirectoryEntryForm />",
      "duration": 50714,
      "errorCount": 0
    },
    {
      "title": "<DirectoryEntryForm /> – form is in UPDATE mode – directoryState_directoryEntryFormInitialValues includes initial values for all fields – should render input components with initial values and no error flags on inputs and save button enabled",
      "fullTitle": "<DirectoryEntryForm />",
      "duration": 50714,
      "errorCount": 0
    },
    {
      "title": "<DirectoryEntryForm /> – form is in UPDATE mode – directoryState_directoryEntryFormInitialValues includes initial values for all fields – calling onBlur for text fields should not trigger the error logic",
      "fullTitle": "<DirectoryEntryForm />",
      "duration": 50714,
      "errorCount": 0
    },
    {
      "title": "<DirectoryEntryForm /> – form is in UPDATE mode – directoryState_directoryEntryFormInitialValues does not include intial values – service call to update directory entry succeeds – submit button should be disabled then entering valid values in all the required fields should enable the submit button and show success overlay on click",
      "fullTitle": "<DirectoryEntryForm />",
      "duration": 50714,
      "errorCount": 0
    },
    {
      "title": "<DirectoryEntryForm /> – form is in UPDATE mode – directoryState_directoryEntryFormInitialValues does not include intial values – service call to update directory entry fails – submit button should be disabled then entering valid values in all the required fields should enable the submit button and show failure overlay on click",
      "fullTitle": "<DirectoryEntryForm />",
      "duration": 50714,
      "errorCount": 0
    },
    {
      "title": "<DialListEntryForm /> – form is in INSERT mode – dialListTableState_dialListEntryFormInitialValues does not include intial values – header text has add verbiage",
      "fullTitle": "<DialListEntryForm />",
      "duration": 42990,
      "errorCount": 0
    },
    {
      "title": "<DialListEntryForm /> – form is in INSERT mode – dialListTableState_dialListEntryFormInitialValues does not include intial values – should render input components with no initial values, no error flags on inputs and save button disabled",
      "fullTitle": "<DialListEntryForm />",
      "duration": 42990,
      "errorCount": 0
    },
    {
      "title": "<DialListEntryForm /> – form is in INSERT mode – dialListTableState_dialListEntryFormInitialValues does not include intial values – calling onBlur on text fields and making fields invalid should trigger the various error logic",
      "fullTitle": "<DialListEntryForm />",
      "duration": 42990,
      "errorCount": 0
    },
    {
      "title": "<DialListEntryForm /> – form is in INSERT mode – dialListTableState_dialListEntryFormInitialValues does not include intial values – service call to insert dial list entry succeeds – submit button should be disabled then entering valid values in all the required fields should enable the submit button and show success overlay on click",
      "fullTitle": "<DialListEntryForm />",
      "duration": 42990,
      "errorCount": 0
    },
    {
      "title": "<DialListEntryForm /> – form is in INSERT mode – dialListTableState_dialListEntryFormInitialValues does not include intial values – service call to insert dial list entry fails – submit button should be disabled then entering valid values in all the required fields should enable the submit button and show failure overlay on click",
      "fullTitle": "<DialListEntryForm />",
      "duration": 42990,
      "errorCount": 0
    },
    {
      "title": "<DialListEntryForm /> – form is in UPDATE mode – dialListTableState_dialListEntryFormInitialValues includes initial values for all fields – header text has edit verbiage",
      "fullTitle": "<DialListEntryForm />",
      "duration": 42990,
      "errorCount": 0
    },
    {
      "title": "<DialListEntryForm /> – form is in UPDATE mode – dialListTableState_dialListEntryFormInitialValues includes initial values for all fields – should render input components with initial values and no error flags on inputs and save button enabled",
      "fullTitle": "<DialListEntryForm />",
      "duration": 42990,
      "errorCount": 0
    },
    {
      "title": "<DialListEntryForm /> – form is in UPDATE mode – dialListTableState_dialListEntryFormInitialValues includes initial values for all fields – calling onBlur for text fields should not trigger the error logic",
      "fullTitle": "<DialListEntryForm />",
      "duration": 42990,
      "errorCount": 0
    },
    {
      "title": "<DialListEntryForm /> – form is in UPDATE mode – dialListTableState_dialListEntryFormInitialValues does not include intial values – service call to update dial list entry succeeds – submit button should be disabled then entering valid values in all the required fields should enable the submit button and show success overlay on click",
      "fullTitle": "<DialListEntryForm />",
      "duration": 42990,
      "errorCount": 0
    },
    {
      "title": "<DialListEntryForm /> – form is in UPDATE mode – dialListTableState_dialListEntryFormInitialValues does not include intial values – service call to update dial list entry fails – submit button should be disabled then entering valid values in all the required fields should enable the submit button and show failure overlay on click",
      "fullTitle": "<DialListEntryForm />",
      "duration": 42990,
      "errorCount": 0
    },
    {
      "title": "calabrioUtils – formatCalabrioTeams – Calabrio payload is filtered as expected",
      "fullTitle": "calabrioUtils",
      "duration": 35764,
      "errorCount": 0
    },
    {
      "title": "calabrioUtils – formatCalabrioGroups – Calabrio payload is filtered as expected",
      "fullTitle": "calabrioUtils",
      "duration": 35764,
      "errorCount": 0
    },
    {
      "title": "calabrioUtils – formatCalabrioTenant – Calabrio payload is filtered as expected",
      "fullTitle": "calabrioUtils",
      "duration": 35764,
      "errorCount": 0
    },
    {
      "title": "calabrioUtils – formatCalabrioRoles – Calabrio payload is filtered as expected",
      "fullTitle": "calabrioUtils",
      "duration": 35764,
      "errorCount": 0
    },
    {
      "title": "calabrioUtils – checkConflictingUsers – acd Id === dupUser acd Id – should return",
      "fullTitle": "calabrioUtils",
      "duration": 35764,
      "errorCount": 0
    },
    {
      "title": "calabrioUtils – checkConflictingUsers – conflicting profile found with email – getCalabrioUser fails – Error should be caught and logged",
      "fullTitle": "calabrioUtils",
      "duration": 35764,
      "errorCount": 0
    },
    {
      "title": "calabrioUtils – checkConflictingUsers – conflicting profile found with email – updateCalabrioUser fails – Error should be caught and logged",
      "fullTitle": "calabrioUtils",
      "duration": 35764,
      "errorCount": 0
    },
    {
      "title": "calabrioUtils – checkConflictingUsers – conflicting profile found with email – getCalabrioUser and updateCalabrioUser succeeds – No Error is returned and user is successfully updated",
      "fullTitle": "calabrioUtils",
      "duration": 35764,
      "errorCount": 0
    },
    {
      "title": "calabrioUtils – checkConflictingUsers – conflicting profile found with email – getCalabrioUser and updateCalabrioUser succeeds – Dup User has no team – No Error is returned and user is successfully updated",
      "fullTitle": "calabrioUtils",
      "duration": 35764,
      "errorCount": 0
    },
    {
      "title": "calabrioUtils – checkConflictingUsers – conflicting profile found with adLogin – getCalabrioUser fails – Error should be caught and logged",
      "fullTitle": "calabrioUtils",
      "duration": 35764,
      "errorCount": 0
    },
    {
      "title": "calabrioUtils – checkConflictingUsers – conflicting profile found with adLogin – updateCalabrioUser fails – Error should be caught and logged",
      "fullTitle": "calabrioUtils",
      "duration": 35764,
      "errorCount": 0
    },
    {
      "title": "calabrioUtils – checkConflictingUsers – conflicting profile found with adLogin – getCalabrioUser and updateCalabrioUser succeeds – No Error is returned and user is successfully updated",
      "fullTitle": "calabrioUtils",
      "duration": 35764,
      "errorCount": 0
    },
    {
      "title": "calabrioUtils – checkConflictingUsers – conflicting profile found with adLogin – getCalabrioUser and updateCalabrioUser succeeds – Dup User has no team – No Error is returned and user is successfully updated",
      "fullTitle": "calabrioUtils",
      "duration": 35764,
      "errorCount": 0
    },
    {
      "title": "calabrioUtils – checkConflictingUsers – conflicting profile found with adLogin – getCalabrioUser and updateCalabrioUser succeeds – Dup User has no roles – No Error is returned and user is successfully updated",
      "fullTitle": "calabrioUtils",
      "duration": 35764,
      "errorCount": 0
    },
    {
      "title": "calabrioUtils – checkConflictingUsers – conflicting profile found with First and Last Name – getCalabrioUser fails – Error should be caught and logged",
      "fullTitle": "calabrioUtils",
      "duration": 35764,
      "errorCount": 0
    },
    {
      "title": "calabrioUtils – checkConflictingUsers – conflicting profile found with First and Last Name – updateCalabrioUser fails – Error should be caught and logged",
      "fullTitle": "calabrioUtils",
      "duration": 35764,
      "errorCount": 0
    },
    {
      "title": "calabrioUtils – checkConflictingUsers – conflicting profile found with First and Last Name – getCalabrioUser and updateCalabrioUser succeeds – No Error is returned and user is successfully updated",
      "fullTitle": "calabrioUtils",
      "duration": 35764,
      "errorCount": 0
    },
    {
      "title": "calabrioUtils – checkConflictingUsers – conflicting profile found with First and Last Name – getCalabrioUser and updateCalabrioUser succeeds – Dup User has no roles – No Error is returned and user is successfully updated",
      "fullTitle": "calabrioUtils",
      "duration": 35764,
      "errorCount": 0
    },
    {
      "title": "calabrioUtils – checkConflictingUsers – conflicting profile found with First and Last Name – getCalabrioUser and updateCalabrioUser succeeds – Dup User has no team – No Error is returned and user is successfully updated",
      "fullTitle": "calabrioUtils",
      "duration": 35764,
      "errorCount": 0
    },
    {
      "title": "ManagementWrapper – 6 workers_ less than workersPerPage_ some with undefined full_name – should render ManagementHeader, ManagementPagination, ManagementTable",
      "fullTitle": "ManagementWrapper",
      "duration": 60621,
      "errorCount": 0
    },
    {
      "title": "ManagementWrapper – 6 workers_ less than workersPerPage_ some with undefined full_name – initial state – ManagementHeader should be passed filterBy show-all",
      "fullTitle": "ManagementWrapper",
      "duration": 60621,
      "errorCount": 0
    },
    {
      "title": "ManagementWrapper – 6 workers_ less than workersPerPage_ some with undefined full_name – initial state – ManagementTable should be passed all workers (sorted with undefined full_name last) as prop",
      "fullTitle": "ManagementWrapper",
      "duration": 60621,
      "errorCount": 0
    },
    {
      "title": "ManagementWrapper – 6 workers_ less than workersPerPage_ some with undefined full_name – initial state – ManagementPagination should be passed end = 6, length = 6, page = 1, start = 1",
      "fullTitle": "ManagementWrapper",
      "duration": 60621,
      "errorCount": 0
    },
    {
      "title": "ManagementWrapper – 6 workers_ less than workersPerPage – should render ManagementHeader, ManagementPagination, ManagementTable",
      "fullTitle": "ManagementWrapper",
      "duration": 60621,
      "errorCount": 0
    },
    {
      "title": "ManagementWrapper – 6 workers_ less than workersPerPage – initial state – ManagementHeader should be passed filterBy show-all",
      "fullTitle": "ManagementWrapper",
      "duration": 60621,
      "errorCount": 0
    },
    {
      "title": "ManagementWrapper – 6 workers_ less than workersPerPage – initial state – ManagementTable should be passed all workers (sorted) as prop",
      "fullTitle": "ManagementWrapper",
      "duration": 60621,
      "errorCount": 0
    },
    {
      "title": "ManagementWrapper – 6 workers_ less than workersPerPage – initial state – ManagementPagination should be passed end = 6, length = 6, page = 1, start = 1",
      "fullTitle": "ManagementWrapper",
      "duration": 60621,
      "errorCount": 0
    },
    {
      "title": "ManagementWrapper – 6 workers_ less than workersPerPage – when set filter to manager n0000000 – ManagementHeader should be passed filterBy n0000000",
      "fullTitle": "ManagementWrapper",
      "duration": 60621,
      "errorCount": 0
    },
    {
      "title": "ManagementWrapper – 6 workers_ less than workersPerPage – when set filter to manager n0000000 – ManagementTable should be passed filtered workers having manager n0000000",
      "fullTitle": "ManagementWrapper",
      "duration": 60621,
      "errorCount": 0
    },
    {
      "title": "ManagementWrapper – 6 workers_ less than workersPerPage – when set filter to manager n0000000 – ManagementPagination should be passed end = 3, length = 3, page = 1, start = 1",
      "fullTitle": "ManagementWrapper",
      "duration": 60621,
      "errorCount": 0
    },
    {
      "title": "ManagementWrapper – 26 workers_ more than workersPerPage – should render ManagementHeader, ManagementPagination, ManagementTable",
      "fullTitle": "ManagementWrapper",
      "duration": 60621,
      "errorCount": 0
    },
    {
      "title": "ManagementWrapper – 26 workers_ more than workersPerPage – initial state – ManagementHeader should be passed filterBy show-all",
      "fullTitle": "ManagementWrapper",
      "duration": 60621,
      "errorCount": 0
    },
    {
      "title": "ManagementWrapper – 26 workers_ more than workersPerPage – initial state – ManagementTable should be passed first 15 workers (sorted) as prop",
      "fullTitle": "ManagementWrapper",
      "duration": 60621,
      "errorCount": 0
    },
    {
      "title": "ManagementWrapper – 26 workers_ more than workersPerPage – initial state – ManagementPagination should be passed end = 15, length = 26, page = 1, start = 1",
      "fullTitle": "ManagementWrapper",
      "duration": 60621,
      "errorCount": 0
    },
    {
      "title": "ManagementWrapper – 26 workers_ more than workersPerPage – when set filter to manager n3333333 – ManagementHeader should be passed filterBy n3333333",
      "fullTitle": "ManagementWrapper",
      "duration": 60621,
      "errorCount": 0
    },
    {
      "title": "ManagementWrapper – 26 workers_ more than workersPerPage – when set filter to manager n3333333 – ManagementTable should be passed filtered workers having manager n3333333",
[...]
      "fullTitle": "<ProfileFormFields />",
      "duration": 24967,
      "errorCount": 0
    },
    {
      "title": "<ProfileFormFields /> – child component interactions – When activity dropdown value is selected, setForm is called",
      "fullTitle": "<ProfileFormFields />",
      "duration": 24967,
      "errorCount": 0
    },
    {
      "title": "updateFlashMessage – call succeeds – should resolve with any successful response",
      "fullTitle": "updateFlashMessage",
      "duration": 26741,
      "errorCount": 0
    },
    {
      "title": "updateFlashMessage – call fails – should reject with error",
      "fullTitle": "updateFlashMessage",
      "duration": 26741,
      "errorCount": 0
    },
    {
      "title": "updateClosedMessage – call succeeds – should resolve with any successful response",
      "fullTitle": "updateClosedMessage",
      "duration": 26741,
      "errorCount": 0
    },
    {
      "title": "updateClosedMessage – call fails – should reject with error",
      "fullTitle": "updateClosedMessage",
      "duration": 26741,
      "errorCount": 0
    },
    {
      "title": "formatWorkerResponse – if input is null, return empty object",
      "fullTitle": "formatWorkerResponse",
      "duration": 21351,
      "errorCount": 0
    },
    {
      "title": "formatWorkerResponse – if input is empty, return empty object",
      "fullTitle": "formatWorkerResponse",
      "duration": 21351,
      "errorCount": 0
    },
    {
      "title": "formatWorkerResponse – should respond skillsDifferent false",
      "fullTitle": "formatWorkerResponse",
      "duration": 21351,
      "errorCount": 0
    },
    {
      "title": "formatWorkerResponse – should respond skillsDifferent false when no attributes exist",
      "fullTitle": "formatWorkerResponse",
      "duration": 21351,
      "errorCount": 0
    },
    {
      "title": "formatWorkerResponse – should lowercase manager_n_number",
      "fullTitle": "formatWorkerResponse",
      "duration": 21351,
      "errorCount": 0
    },
    {
      "title": "mapWorkerFromDbWorker – should return TwilioWorker object with attributes, sid & skillsDifferent; NOT workerSid",
      "fullTitle": "mapWorkerFromDbWorker",
      "duration": 21351,
      "errorCount": 0
    },
    {
      "title": "<ProfileNameTextField /> – testing input and changed to it – the initial state should be just an empty text field, with the correct label",
      "fullTitle": "<ProfileNameTextField />",
      "duration": 22066,
      "errorCount": 0
    },
    {
      "title": "<ProfileNameTextField /> – testing input and changed to it – On valid input value change, state is updated",
      "fullTitle": "<ProfileNameTextField />",
      "duration": 22066,
      "errorCount": 0
    },
    {
      "title": "<ProfileNameTextField /> – testing input and changed to it – On invalid input value change, error is triggered",
      "fullTitle": "<ProfileNameTextField />",
      "duration": 22066,
      "errorCount": 0
    },
    {
      "title": "<ProfileEntryForm /> – Initial State – Should render the correct initial state",
      "fullTitle": "<ProfileEntryForm />",
      "duration": 21730,
      "errorCount": 0
    },
    {
      "title": "<ProfileEntryForm /> – Modal Overlay – Modal Overlay should render when loading_saveProfile",
      "fullTitle": "<ProfileEntryForm />",
      "duration": 21730,
      "errorCount": 0
    },
    {
      "title": "<ProfileEntryForm /> – Modal Overlay – loading should be updated when ModalOverlay handleClose is called",
      "fullTitle": "<ProfileEntryForm />",
      "duration": 21730,
      "errorCount": 0
    },
    {
      "title": "<SearchBox /> – the initial state should be just an empty text field, with the correct label",
      "fullTitle": "<SearchBox />",
      "duration": 31387,
      "errorCount": 0
    },
    {
      "title": "<SearchBox /> – when we update the value, we should fire the event being sent to the component",
      "fullTitle": "<SearchBox />",
      "duration": 31387,
      "errorCount": 0
    },
    {
      "title": "<SearchBox /> – when we update the value, and then click the clear button, we should send '' back to the parent",
      "fullTitle": "<SearchBox />",
      "duration": 31387,
      "errorCount": 0
    },
    {
      "title": "<UserFormAccordion /> – Should render the correct initial state",
      "fullTitle": "<UserFormAccordion />",
      "duration": 22408,
      "errorCount": 0
    },
    {
      "title": "addOffice – call succeeds – should resolve with any successful response",
      "fullTitle": "addOffice",
      "duration": 22708,
      "errorCount": 0
    },
    {
      "title": "addOffice – call fails – should reject with error",
      "fullTitle": "addOffice",
      "duration": 22708,
      "errorCount": 0
    },
    {
      "title": "getOffices – call succeeds – should resolve with any successful response",
      "fullTitle": "getOffices",
      "duration": 22708,
      "errorCount": 0
    },
    {
      "title": "getOffices – call fails – should reject with error",
      "fullTitle": "getOffices",
      "duration": 22708,
      "errorCount": 0
    },
    {
      "title": "<ProfileDropDown /> – a profile is selected – should render OutlinedSelect with correct props",
      "fullTitle": "<ProfileDropDown />",
      "duration": 20809,
      "errorCount": 0
    },
    {
      "title": "<ProfileDropDown /> – no profile is selected (profileID is null) – should render OutlinedSelect with correct props",
      "fullTitle": "<ProfileDropDown />",
      "duration": 20809,
      "errorCount": 0
    },
    {
      "title": "<ManagementHeader /> – upon initial render, should render ManagerDropdown with correct props and SearchBox with correct props, and ResetSkillsButton",
      "fullTitle": "<ManagementHeader />",
      "duration": 49180,
      "errorCount": 0
    },
    {
      "title": "<ManagementHeader /> – when Add User button is clicked setUserEntryFormState is called",
      "fullTitle": "<ManagementHeader />",
      "duration": 49180,
      "errorCount": 0
    },
    {
      "title": "<SkillsFormInfo /> – Should render the correct initial state",
      "fullTitle": "<SkillsFormInfo />",
      "duration": 23076,
      "errorCount": 0
    },
    {
      "title": "<SkillsFormInfo /> – When setDefaultSkills is clicked, setForm is called",
      "fullTitle": "<SkillsFormInfo />",
      "duration": 23076,
      "errorCount": 0
    },
    {
      "title": "deleteUser – service call to DELETE_WORKER succeeds – should resolve with string",
      "fullTitle": "deleteUser",
      "duration": 27776,
      "errorCount": 0
    },
    {
      "title": "deleteUser – service call to DELETE_WORKER fails – should reject with error",
      "fullTitle": "deleteUser",
      "duration": 27776,
      "errorCount": 0
    },
    {
      "title": "formatManagersResponse – if input is null, return empty array",
      "fullTitle": "formatManagersResponse",
      "duration": 31864,
      "errorCount": 0
    },
    {
      "title": "formatManagersResponse – if input is empty, return empty array",
      "fullTitle": "formatManagersResponse",
      "duration": 31864,
      "errorCount": 0
    },
    {
      "title": "formatManagersResponse – if parseCalabrioTeams throws an error, return empty array for calabrio teams",
      "fullTitle": "formatManagersResponse",
      "duration": 31864,
      "errorCount": 0
    },
    {
      "title": "formatManagersResponse – should return array of formatted managers",
      "fullTitle": "formatManagersResponse",
      "duration": 31864,
      "errorCount": 0
    },
    {
      "title": "call to CREATE_PROFILE succeeds – should resolve with profile data",
      "fullTitle": "call to CREATE_PROFILE succeeds",
      "duration": 47514,
      "errorCount": 0
    },
    {
      "title": "call to CREATE_PROFILE fails – should reject with error",
      "fullTitle": "call to CREATE_PROFILE fails",
      "duration": 47514,
      "errorCount": 0
    },
    {
      "title": "call to EDIT_PROFILE succeeds – should resolve with profile data",
      "fullTitle": "call to EDIT_PROFILE succeeds",
      "duration": 47514,
      "errorCount": 0
    },
    {
      "title": "call to EDIT_PROFILE fails – should reject with error",
      "fullTitle": "call to EDIT_PROFILE fails",
      "duration": 47514,
      "errorCount": 0
    },
    {
      "title": "<SkillDropDown /> – initial state – should render FilterableSelect with correct props",
      "fullTitle": "<SkillDropDown />",
      "duration": 26739,
      "errorCount": 0
    },
    {
      "title": "<SkillDropDown /> – changes made to the add skills drop down – should call updateValue function with selected value",
      "fullTitle": "<SkillDropDown />",
      "duration": 26739,
      "errorCount": 0
    },
    {
      "title": "formatWorkerAttributeSkillsToHTML() – if input is undefined, return null",
      "fullTitle": "formatWorkerAttributeSkillsToHTML()",
      "duration": 30384,
      "errorCount": 0
    },
    {
      "title": "formatWorkerAttributeSkillsToHTML() – if routing skills are empty, return null",
      "fullTitle": "formatWorkerAttributeSkillsToHTML()",
      "duration": 30384,
      "errorCount": 0
    },
    {
      "title": "formatWorkerAttributeSkillsToHTML() – if routing skills is a string we should return null",
      "fullTitle": "formatWorkerAttributeSkillsToHTML()",
      "duration": 30384,
      "errorCount": 0
    },
    {
      "title": "formatWorkerAttributeSkillsToHTML() – if routing skills exist, we should return the correct formatting, with or without a priority_",
      "fullTitle": "formatWorkerAttributeSkillsToHTML()",
      "duration": 30384,
      "errorCount": 0
    },
    {
      "title": "formatTenDigitNumber – strings – ten-digits – should format with parentheses & dash",
      "fullTitle": "formatTenDigitNumber",
      "duration": 21451,
      "errorCount": 0
    },
    {
      "title": "formatTenDigitNumber – strings – nine-digits – should not change the number",
      "fullTitle": "formatTenDigitNumber",
      "duration": 21451,
      "errorCount": 0
    },
    {
      "title": "formatTenDigitNumber – strings – 2-digits – should not change the number",
      "fullTitle": "formatTenDigitNumber",
      "duration": 21451,
      "errorCount": 0
    },
    {
      "title": "formatTenDigitNumber – strings – empty string – should not change the number",
      "fullTitle": "formatTenDigitNumber",
      "duration": 21451,
      "errorCount": 0
    },
    {
      "title": "formatTenDigitNumber – numbers (not strings) – ten-digits – should format with parentheses & dash",
      "fullTitle": "formatTenDigitNumber",
      "duration": 21451,
      "errorCount": 0
    },
    {
      "title": "formatTenDigitNumber – numbers (not strings) – five digits – should return number as a string",
      "fullTitle": "formatTenDigitNumber",
      "duration": 21451,
      "errorCount": 0
    },
    {
      "title": "removeNonNumericCharacters – should return string with non-numeric characters removed",
      "fullTitle": "removeNonNumericCharacters",
      "duration": 21451,
      "errorCount": 0
    },
    {
      "title": "formatE164PhoneNumber – should replace +1 with empty string",
      "fullTitle": "formatE164PhoneNumber",
      "duration": 21451,
      "errorCount": 0
    },
    {
      "title": "formatE164PhoneNumber – should replace 1 with empty string",
      "fullTitle": "formatE164PhoneNumber",
      "duration": 21451,
      "errorCount": 0
    },
    {
      "title": "profileUtils – formatProfileBooleanData – should return Check component",
      "fullTitle": "profileUtils",
      "duration": 33151,
      "errorCount": 0
    },
    {
      "title": "profileUtils – formatProfileBooleanData – should return empty string for non 1 value",
      "fullTitle": "profileUtils",
      "duration": 33151,
      "errorCount": 0
    },
    {
      "title": "profileUtils – formatProfileBooleanDataTrueFalse – should return true value object",
      "fullTitle": "profileUtils",
      "duration": 33151,
      "errorCount": 0
    },
    {
      "title": "profileUtils – formatProfileBooleanDataTrueFalse – should return false value object",
      "fullTitle": "profileUtils",
      "duration": 33151,
      "errorCount": 0
    },
    {
      "title": "profileUtils – formatOverflowSkillData – should return overflow skill",
      "fullTitle": "profileUtils",
      "duration": 33151,
      "errorCount": 0
    },
    {
      "title": "profileUtils – formatOverflowSkillData – should return empty string for null overflow skill",
      "fullTitle": "profileUtils",
      "duration": 33151,
      "errorCount": 0
    },
    {
      "title": "profileUtils – formatActivityData – should return activity within activity div",
      "fullTitle": "profileUtils",
      "duration": 33151,
      "errorCount": 0
    },
    {
      "title": "profileUtils – formatActivityData – should return empty string for null activity",
      "fullTitle": "profileUtils",
      "duration": 33151,
      "errorCount": 0
    },
    {
      "title": "<PriorityDropDown /> – initial state – should render Dropdown with correct props",
      "fullTitle": "<PriorityDropDown />",
      "duration": 29551,
      "errorCount": 0
    },
    {
      "title": "<ExportButton /> – initial render – should render as expected",
      "fullTitle": "<ExportButton />",
      "duration": 45570,
      "errorCount": 0
    },
    {
      "title": "<ExportButton /> – Export Button on click is called – should call handleExport",
      "fullTitle": "<ExportButton />",
      "duration": 45570,
      "errorCount": 0
    },
    {
      "title": "checkExtension – service call to CHECK_EXTENSION succeeds – should resolve with formatted data",
      "fullTitle": "checkExtension",
      "duration": 38152,
      "errorCount": 0
    },
    {
      "title": "checkExtension – service call to CHECK_EXTENSION returns noting – should resolve with null",
      "fullTitle": "checkExtension",
      "duration": 38152,
      "errorCount": 0
    },
    {
      "title": "<ModalHelperText /> – if there is no error, should display message in green and clear button",
      "fullTitle": "<ModalHelperText />",
      "duration": 46812,
      "errorCount": 0
    },
    {
      "title": "<ModalHelperText /> – when the clear button is clicked, should fire whatever function was sent in_",
      "fullTitle": "<ModalHelperText />",
      "duration": 46812,
      "errorCount": 0
    },
    {
      "title": "<ModalHelperText /> – if there is an error, should display message in red",
      "fullTitle": "<ModalHelperText />",
      "duration": 46812,
      "errorCount": 0
    },
    {
      "title": "<SkillsContainer /> – initial render – component renders as expected",
      "fullTitle": "<SkillsContainer />",
      "duration": 38215,
      "errorCount": 0
    },
    {
      "title": "<NotificationModal /> – should render reload button & correct text",
      "fullTitle": "<NotificationModal />",
      "duration": 33320,
      "errorCount": 0
    },
    {
      "title": "call to UPDATE_WORKER succeeds – should resolve with worker data",
      "fullTitle": "call to UPDATE_WORKER succeeds",
      "duration": 44793,
      "errorCount": 0
    },
    {
      "title": "call to UPDATE_WORKER fails – should reject with error",
      "fullTitle": "call to UPDATE_WORKER fails",
      "duration": 44793,
      "errorCount": 0
    },
    {
      "title": "call to CREATE_WORKER succeeds – should resolve with worker data",
      "fullTitle": "call to CREATE_WORKER succeeds",
      "duration": 32576,
      "errorCount": 0
    },
    {
      "title": "call to CREATE_WORKER fails – should reject with error",
      "fullTitle": "call to CREATE_WORKER fails",
      "duration": 32576,
      "errorCount": 0
    },
    {
      "title": "cct-aloha-routing-startup – runAlohaRoutingStartup – Service Calls are successful – **MUST RETURN STARTUP NAME FIRST**",
      "fullTitle": "cct-aloha-routing-startup",
      "duration": 40955,
      "errorCount": 0
    },
    {
      "title": "cct-aloha-flow-startup – runAlohaFlowStartup – Service Calls are successful – **MUST RETURN STARTUP NAME FIRST**",
      "fullTitle": "cct-aloha-flow-startup",
      "duration": 74095,
      "errorCount": 0
    },
    {
      "title": "<ConfirmationForm /> – state of the form – renders a form with a button",
      "fullTitle": "<ConfirmationForm />",
      "duration": 54801,
      "errorCount": 0
    },
    {
      "title": "isErrorIn400s – error status code is in 400's – should return true",
      "fullTitle": "isErrorIn400s",
      "duration": 31928,
      "errorCount": 0
    },
    {
      "title": "isErrorIn400s – error status code is not in the 400's – error status code is in 300's – should return false",
      "fullTitle": "isErrorIn400s",
      "duration": 31928,
      "errorCount": 0
    },
    {
      "title": "isErrorIn400s – error status code is not in the 400's – error status code starts with 4 but is less than 3 digits – should return false",
      "fullTitle": "isErrorIn400s",
      "duration": 31928,
      "errorCount": 0
    },
    {
      "title": "isErrorIn400s – error status code is not in the 400's – error status code starts with 4 but is more than 3 digits – should return false",
      "fullTitle": "isErrorIn400s",
      "duration": 31928,
      "errorCount": 0
    },
    {
      "title": "isErrorIn400s – error status code is not in the 400's – error status code is a string not a number – should return false",
      "fullTitle": "isErrorIn400s",
      "duration": 31928,
      "errorCount": 0
    },
    {
      "title": "isErrorIn400s – error status code is not in the 400's – error status code is undefined – should return false",
      "fullTitle": "isErrorIn400s",
      "duration": 31928,
      "errorCount": 0
    },
    {
      "title": "StyledButton – enabled – button click should fire onClick prop",
      "fullTitle": "StyledButton",
      "duration": 44022,
      "errorCount": 0
    },
    {
      "title": "StyledButton – disabled – button click should not fire onClick prop",
      "fullTitle": "StyledButton",
      "duration": 44022,
      "errorCount": 0
    },
    {
      "title": "<UserCard /> – should render a div with correct name and Account Box icon_",
      "fullTitle": "<UserCard />",
      "duration": 55270,
      "errorCount": 0
    },
    {
      "title": "formatOfficesResponse – if input is null, return empty Map",
      "fullTitle": "formatOfficesResponse",
      "duration": 45986,
      "errorCount": 0
    },
    {
      "title": "formatOfficesResponse – if input is empty, return empty Map",
      "fullTitle": "formatOfficesResponse",
      "duration": 45986,
      "errorCount": 0
    },
    {
      "title": "formatOfficesResponse – should return a new Map with a key that is the office number, and a value of the office",
      "fullTitle": "formatOfficesResponse",
      "duration": 45986,
      "errorCount": 0
    },
    {
      "title": "<ErrorForm /> – state of the form – renders a form with a button",
      "fullTitle": "<ErrorForm />",
      "duration": 30930,
      "errorCount": 0
    },
    {
      "title": "<Header /> – the header should simply render the Logo and UserCard components_",
      "fullTitle": "<Header />",
      "duration": 34506,
      "errorCount": 0
    },
    {
      "title": "wait – should wait 1 second before calling the callback",
      "fullTitle": "wait",
      "duration": 26578,
      "errorCount": 0
    },
    {
      "title": "<Logo /> – the header should render the Triton Admin Logo_",
      "fullTitle": "<Logo />",
      "duration": 89961,
      "errorCount": 0
    },
    {
      "title": "escapeQuotes – should escape single and double quotes",
      "fullTitle": "escapeQuotes",
      "duration": 57705,
      "errorCount": 0
    }
  ],
  "skipped": []
}