{
  "stats": {
    "tests": 782,
    "passes": 779,
    "failures": 0,
    "duration": 436055,
    "start": "2023-01-20T20:59:42.197Z",
    "end": "2023-01-20T21:06:58.252Z"
  },
  "failures": [],
  "passes": [
    {
      "title": "isProfileIdValid – should return true when profile is populated",
      "fullTitle": "isProfileIdValid",
      "duration": 27590,
      "errorCount": 0
    },
    {
      "title": "isProfileIdValid – should return false when profile is empty string",
      "fullTitle": "isProfileIdValid",
      "duration": 27590,
      "errorCount": 0
    },
    {
      "title": "isManagerValid – should return true when manager is populated",
      "fullTitle": "isManagerValid",
      "duration": 27590,
      "errorCount": 0
    },
    {
      "title": "isManagerValid – should return false when manager is empty string",
      "fullTitle": "isManagerValid",
      "duration": 27590,
      "errorCount": 0
    },
    {
      "title": "isNNumberValid – should return true when nNumberFetchedUser is populated",
      "fullTitle": "isNNumberValid",
      "duration": 27590,
      "errorCount": 0
    },
    {
      "title": "isNNumberValid – should return false when nNumberFetchedUser is not populated",
      "fullTitle": "isNNumberValid",
      "duration": 27590,
      "errorCount": 0
    },
    {
      "title": "isExtensionValid – should return true when extension is valid",
      "fullTitle": "isExtensionValid",
      "duration": 27590,
      "errorCount": 0
    },
    {
      "title": "isExtensionValid – should return true when extension is empty string",
      "fullTitle": "isExtensionValid",
      "duration": 27590,
      "errorCount": 0
    },
    {
      "title": "isExtensionValid – should return false when extension is invalid and value is not an empty string",
      "fullTitle": "isExtensionValid",
      "duration": 27590,
      "errorCount": 0
    },
    {
      "title": "isInactiveForwardToValid – forwardToToggle === true – should return true when inactiveForwardTo is not null",
      "fullTitle": "isInactiveForwardToValid",
      "duration": 27590,
      "errorCount": 0
    },
    {
      "title": "isInactiveForwardToValid – forwardToToggle === true – should return false when inactiveForwardTo is null",
      "fullTitle": "isInactiveForwardToValid",
      "duration": 27590,
      "errorCount": 0
    },
    {
      "title": "isInactiveForwardToValid – forwardToToggle === false – should return true",
      "fullTitle": "isInactiveForwardToValid",
      "duration": 27590,
      "errorCount": 0
    },
    {
      "title": "isDidDifferentValid – forwardToToggle === true – should return true if both outgoing and directDial Num have been changed",
      "fullTitle": "isDidDifferentValid",
      "duration": 27590,
      "errorCount": 0
    },
    {
      "title": "isDidDifferentValid – forwardToToggle === true – should return true if both outgoing and directDial Num are unchanged",
      "fullTitle": "isDidDifferentValid",
      "duration": 27590,
      "errorCount": 0
    },
    {
      "title": "isDidDifferentValid – forwardToToggle === true – should return false if only one number is changed",
      "fullTitle": "isDidDifferentValid",
      "duration": 27590,
      "errorCount": 0
    },
    {
      "title": "isDidDifferentValid – forwardToToggle === false – should return true",
      "fullTitle": "isDidDifferentValid",
      "duration": 27590,
      "errorCount": 0
    },
    {
      "title": "getTargetProfile – should return profile when found in profile list",
      "fullTitle": "getTargetProfile",
      "duration": 27590,
      "errorCount": 0
    },
    {
      "title": "getTargetProfile – should return undefined if profile is not found",
      "fullTitle": "getTargetProfile",
      "duration": 27590,
      "errorCount": 0
    },
    {
      "title": "getOverflowSkillFromProfile – should return skill if profile has overflow skill",
      "fullTitle": "getOverflowSkillFromProfile",
      "duration": 27590,
      "errorCount": 0
    },
    {
      "title": "getOverflowSkillFromProfile – should return undefined if profile does not have overflow skill",
      "fullTitle": "getOverflowSkillFromProfile",
      "duration": 27590,
      "errorCount": 0
    },
    {
      "title": "removeProfileZeroIfAdminNotInProfileZero – user is a triton-admin, should return full profile list",
      "fullTitle": "removeProfileZeroIfAdminNotInProfileZero",
      "duration": 27590,
      "errorCount": 0
    },
    {
      "title": "removeProfileZeroIfAdminNotInProfileZero – user is not a triton-admin, should return full not profile list",
      "fullTitle": "removeProfileZeroIfAdminNotInProfileZero",
      "duration": 27590,
      "errorCount": 0
    },
    {
      "title": "removeProfileZeroIfAdminNotInProfileZero – user state is erroneous, should return full not profile list",
      "fullTitle": "removeProfileZeroIfAdminNotInProfileZero",
      "duration": 27590,
      "errorCount": 0
    },
    {
      "title": "getOverflowSkills – should return overflow skills from profile list",
      "fullTitle": "getOverflowSkills",
      "duration": 27590,
      "errorCount": 0
    },
    {
      "title": "workerHasOverFlowSkill – should return true if worker has overflow skill",
      "fullTitle": "workerHasOverFlowSkill",
      "duration": 27590,
      "errorCount": 0
    },
    {
      "title": "workerHasOverFlowSkill – should return false if worker does not have overflow skill",
      "fullTitle": "workerHasOverFlowSkill",
      "duration": 27590,
      "errorCount": 0
    },
    {
      "title": "getNonOverflowSkills – should return non overflow skills",
      "fullTitle": "getNonOverflowSkills",
      "duration": 27590,
      "errorCount": 0
    },
    {
      "title": "isFormUpdated – form was not updated",
      "fullTitle": "isFormUpdated",
      "duration": 27590,
      "errorCount": 0
    },
    {
      "title": "isFormUpdated – form_defaultSkillsUpdated was updated",
      "fullTitle": "isFormUpdated",
      "duration": 27590,
      "errorCount": 0
    },
    {
      "title": "isFormUpdated – form_manager_updated was updated",
      "fullTitle": "isFormUpdated",
      "duration": 27590,
      "errorCount": 0
    },
    {
      "title": "isFormUpdated – form_profileId_updated was updated",
      "fullTitle": "isFormUpdated",
      "duration": 27590,
      "errorCount": 0
    },
    {
      "title": "isFormUpdated – form_outgoing_updated was updated",
      "fullTitle": "isFormUpdated",
      "duration": 27590,
      "errorCount": 0
    },
    {
      "title": "isFormUpdated – form_alternateDid_updated was updated",
      "fullTitle": "isFormUpdated",
      "duration": 27590,
      "errorCount": 0
    },
    {
      "title": "isFormUpdated – form_directDialNum_updated was updated",
      "fullTitle": "isFormUpdated",
      "duration": 27590,
      "errorCount": 0
    },
    {
      "title": "isFormUpdated – form_nNumber_updated was updated",
      "fullTitle": "isFormUpdated",
      "duration": 27590,
      "errorCount": 0
    },
    {
      "title": "isFormUpdated – form_extension_updated was updated",
      "fullTitle": "isFormUpdated",
      "duration": 27590,
      "errorCount": 0
    },
    {
      "title": "isFormUpdated – form_inactiveForwardTo_updated was updated",
      "fullTitle": "isFormUpdated",
      "duration": 27590,
      "errorCount": 0
    },
    {
      "title": "isFormUpdated – form_zeroOutEnabledUpdated was updated",
      "fullTitle": "isFormUpdated",
      "duration": 27590,
      "errorCount": 0
    },
    {
      "title": "isFormValid – Form is valid – forwardToToggle === true – isFormValid should return true",
      "fullTitle": "isFormValid",
      "duration": 27590,
      "errorCount": 0
    },
    {
      "title": "isFormValid – Form is valid – form_didUser === true && forwardToToggle === false – isFormValid should return true",
      "fullTitle": "isFormValid",
      "duration": 27590,
      "errorCount": 0
    },
    {
      "title": "isFormValid – Form is valid – extension is empty – isFormValid should return true",
      "fullTitle": "isFormValid",
      "duration": 27590,
      "errorCount": 0
    },
    {
      "title": "isFormValid – Form is invalid – form_formMode === insert && nNumberFetchedUser is null – isFormValid should return false",
      "fullTitle": "isFormValid",
      "duration": 27590,
      "errorCount": 0
    },
    {
      "title": "isFormValid – Form is invalid – Profile Id is empty string – isFormValid should return false",
      "fullTitle": "isFormValid",
      "duration": 27590,
      "errorCount": 0
    },
    {
      "title": "isFormValid – Form is invalid – Manager is empty string – isFormValid should return false",
      "fullTitle": "isFormValid",
      "duration": 27590,
      "errorCount": 0
    },
    {
      "title": "isFormValid – Form is invalid – Outgoing number is not valid – isFormValid should return false",
      "fullTitle": "isFormValid",
      "duration": 27590,
      "errorCount": 0
    },
    {
      "title": "isFormValid – Form is invalid – Extension is not valid – isFormValid should return false",
      "fullTitle": "isFormValid",
      "duration": 27590,
      "errorCount": 0
    },
    {
      "title": "isFormValid – Form is invalid – form_didUser === true – Direct Dial Number is not valid – isFormValid should return false",
      "fullTitle": "isFormValid",
      "duration": 27590,
      "errorCount": 0
    },
    {
      "title": "isFormValid – Form is invalid – form_didUser === true – Alternate DID is not valid – isFormValid should return false",
      "fullTitle": "isFormValid",
      "duration": 27590,
      "errorCount": 0
    },
    {
      "title": "isFormValid – Form is invalid – form_didUser === true – forwardToToggle === true – Outgoing number was updated but Direct Dial Number was not – isFormValid should return false",
      "fullTitle": "isFormValid",
      "duration": 27590,
      "errorCount": 0
    },
    {
      "title": "isFormValid – Form is invalid – form_didUser === true – forwardToToggle === true – Direct Dial number was updated but Outbound Number was not – isFormValid should return false",
      "fullTitle": "isFormValid",
      "duration": 27590,
      "errorCount": 0
    },
    {
      "title": "<SaveButton />  – initial render – isSingleSelection === true && action !== view – should render button with single selection text",
      "fullTitle": "<SaveButton /> ",
      "duration": 38101,
      "errorCount": 0
    },
    {
      "title": "<SaveButton />  – initial render – isMultiSelection === true && action !== view – should render button with multiple selection text",
      "fullTitle": "<SaveButton /> ",
      "duration": 38101,
      "errorCount": 0
    },
    {
      "title": "<SaveButton />  – initial render – action === view – button should not be rendered",
      "fullTitle": "<SaveButton /> ",
      "duration": 38101,
      "errorCount": 0
    },
    {
      "title": "<SaveButton />  – initial render – no skills are selected – button should not be rendered",
      "fullTitle": "<SaveButton /> ",
      "duration": 38101,
      "errorCount": 0
    },
    {
      "title": "<SaveButton />  – handleOnSave is called – action === edit – messageType is FLASH – confirmation modal options are set to expected properties",
      "fullTitle": "<SaveButton /> ",
      "duration": 38101,
      "errorCount": 0
    },
    {
      "title": "<SaveButton />  – handleOnSave is called – action === edit – messageType is FLASH – onConfirm is called – handleResults – all promises are resolved – dispatch should be called for all resolved promises",
      "fullTitle": "<SaveButton /> ",
      "duration": 38101,
      "errorCount": 0
    },
    {
      "title": "<SaveButton />  – handleOnSave is called – action === edit – messageType is FLASH – onConfirm is called – partial promises are resolved – dispatch should be called resolved promises and modal overlay should display partial fail skills",
      "fullTitle": "<SaveButton /> ",
      "duration": 38101,
      "errorCount": 0
    },
    {
      "title": "<SaveButton />  – handleOnSave is called – action === edit – messageType is FLASH – onConfirm is called – all promises are rejected – modal overlay should display as failed",
      "fullTitle": "<SaveButton /> ",
      "duration": 38101,
      "errorCount": 0
    },
    {
      "title": "<SaveButton />  – handleOnSave is called – action === edit – messageType is CLOSED – confirmation modal options are set to expected properties",
      "fullTitle": "<SaveButton /> ",
      "duration": 38101,
      "errorCount": 0
    },
    {
      "title": "<SaveButton />  – handleOnSave is called – action === edit – messageType is CLOSED – onConfirm is called – handleResults – all promises are resolved – dispatch should be called for all resolved promises",
      "fullTitle": "<SaveButton /> ",
      "duration": 38101,
      "errorCount": 0
    },
    {
      "title": "<SaveButton />  – handleOnSave is called – action === edit – messageType is CLOSED – onConfirm is called – partial promises are resolved – dispatch should be called resolved promises and modal overlay should display partial fail skills",
      "fullTitle": "<SaveButton /> ",
      "duration": 38101,
      "errorCount": 0
    },
    {
      "title": "<SaveButton />  – handleOnSave is called – action === edit – messageType is CLOSED – onConfirm is called – all promises are rejected – modal overlay should display as failed",
      "fullTitle": "<SaveButton /> ",
      "duration": 38101,
      "errorCount": 0
    },
    {
      "title": "<SaveButton />  – handleOnSave is called – action === delete – messageType is FLASH – confirmation modal options are set to expected properties",
      "fullTitle": "<SaveButton /> ",
      "duration": 38101,
      "errorCount": 0
    },
    {
      "title": "<SaveButton />  – handleOnSave is called – action === delete – messageType is FLASH – onConfirm is called – handleResults – all promises are resolved – dispatch should be called for all resolved promises",
      "fullTitle": "<SaveButton /> ",
      "duration": 38101,
      "errorCount": 0
    },
    {
      "title": "<SaveButton />  – handleOnSave is called – action === delete – messageType is FLASH – onConfirm is called – partial promises are resolved – dispatch should be called resolved promises and modal overlay should display partial fail skills",
      "fullTitle": "<SaveButton /> ",
      "duration": 38101,
      "errorCount": 0
    },
    {
      "title": "<SaveButton />  – handleOnSave is called – action === delete – messageType is FLASH – onConfirm is called – all promises are rejected – modal overlay should display as failed",
      "fullTitle": "<SaveButton /> ",
      "duration": 38101,
      "errorCount": 0
    },
    {
      "title": "<SaveButton />  – handleOnSave is called – action === delete – messageType is CLOSED – confirmation modal options are set to expected properties",
      "fullTitle": "<SaveButton /> ",
      "duration": 38101,
      "errorCount": 0
    },
    {
      "title": "<SaveButton />  – handleOnSave is called – action === delete – messageType is CLOSED – onConfirm is called – handleResults – all promises are resolved – dispatch should be called for all resolved promises",
      "fullTitle": "<SaveButton /> ",
      "duration": 38101,
      "errorCount": 0
    },
    {
      "title": "<SaveButton />  – handleOnSave is called – action === delete – messageType is CLOSED – onConfirm is called – partial promises are resolved – dispatch should be called resolved promises and modal overlay should display partial fail skills",
      "fullTitle": "<SaveButton /> ",
      "duration": 38101,
      "errorCount": 0
    },
    {
      "title": "<SaveButton />  – handleOnSave is called – action === delete – messageType is CLOSED – onConfirm is called – all promises are rejected – modal overlay should display as failed",
      "fullTitle": "<SaveButton /> ",
      "duration": 38101,
      "errorCount": 0
    },
    {
      "title": "<SaveButton />  – handleOnSave is called – action is undefined – nothing happens",
      "fullTitle": "<SaveButton /> ",
      "duration": 38101,
      "errorCount": 0
    },
    {
      "title": "<BasicFormInfo /> – Manager dropdown – Should render the correct initial state",
      "fullTitle": "<BasicFormInfo />",
      "duration": 43290,
      "errorCount": 0
    },
    {
      "title": "<BasicFormInfo /> – Manager dropdown – options is not an object – should return empty string",
      "fullTitle": "<BasicFormInfo />",
      "duration": 43290,
      "errorCount": 0
    },
    {
      "title": "<BasicFormInfo /> – Manager dropdown – manager field is invalid – error field should be true",
      "fullTitle": "<BasicFormInfo />",
      "duration": 43290,
      "errorCount": 0
    },
    {
      "title": "<BasicFormInfo /> – Manager dropdown – onBlur - invalid manager should set blur on field",
      "fullTitle": "<BasicFormInfo />",
      "duration": 43290,
      "errorCount": 0
    },
    {
      "title": "<BasicFormInfo /> – Manager dropdown – onBlur - valid manager should not set blur on field",
      "fullTitle": "<BasicFormInfo />",
      "duration": 43290,
      "errorCount": 0
    },
    {
      "title": "<BasicFormInfo /> – Manager dropdown – updateValue - should set manager and team to correct value",
      "fullTitle": "<BasicFormInfo />",
      "duration": 43290,
      "errorCount": 0
    },
    {
      "title": "<BasicFormInfo /> – Manager dropdown – updateValue - should set manager to correct value and reset team",
      "fullTitle": "<BasicFormInfo />",
      "duration": 43290,
      "errorCount": 0
    },
    {
      "title": "<BasicFormInfo /> – Team dropdown – Should render the correct initial state",
      "fullTitle": "<BasicFormInfo />",
      "duration": 43290,
      "errorCount": 0
    },
    {
      "title": "<BasicFormInfo /> – Team dropdown – error field should be true",
      "fullTitle": "<BasicFormInfo />",
      "duration": 43290,
      "errorCount": 0
    },
    {
      "title": "<BasicFormInfo /> – Team dropdown – onBlur - invalid profileId should set blur on field",
      "fullTitle": "<BasicFormInfo />",
      "duration": 43290,
      "errorCount": 0
    },
    {
      "title": "<BasicFormInfo /> – Team dropdown – onBlur - valid profileId should not set blur on field",
      "fullTitle": "<BasicFormInfo />",
      "duration": 43290,
      "errorCount": 0
    },
    {
      "title": "<BasicFormInfo /> – Team dropdown – updateValue - should set profile_id to correct value",
      "fullTitle": "<BasicFormInfo />",
      "duration": 43290,
      "errorCount": 0
    },
    {
      "title": "<BasicFormInfo /> – Outgoing Number – Should render the correct initial state",
      "fullTitle": "<BasicFormInfo />",
      "duration": 43290,
      "errorCount": 0
    },
    {
      "title": "<BasicFormInfo /> – Outgoing Number – disabled property should be true",
      "fullTitle": "<BasicFormInfo />",
      "duration": 43290,
      "errorCount": 0
    },
    {
      "title": "<BasicFormInfo /> – Outgoing Number – onBlur - invalid number should set blur on field",
      "fullTitle": "<BasicFormInfo />",
      "duration": 43290,
      "errorCount": 0
    },
    {
      "title": "<BasicFormInfo /> – Outgoing Number – onBlur - valid number should not set blur on field",
      "fullTitle": "<BasicFormInfo />",
      "duration": 43290,
      "errorCount": 0
    },
    {
      "title": "<BasicFormInfo /> – Outgoing Number – updateValue - should set outgoing to correct value",
      "fullTitle": "<BasicFormInfo />",
      "duration": 43290,
      "errorCount": 0
    },
    {
      "title": "<BasicFormInfo /> – nNumber field – Should render the correct initial state",
      "fullTitle": "<BasicFormInfo />",
      "duration": 43290,
      "errorCount": 0
    },
    {
      "title": "<BasicFormInfo /> – nNumber field – disabled property should be true on update form",
      "fullTitle": "<BasicFormInfo />",
      "duration": 43290,
      "errorCount": 0
    },
    {
      "title": "<BasicFormInfo /> – nNumber field – disabled property should be true on successful fetched user",
      "fullTitle": "<BasicFormInfo />",
      "duration": 43290,
      "errorCount": 0
    },
    {
      "title": "<BasicFormInfo /> – nNumber field – onBlur - invalid number should set blur on field",
      "fullTitle": "<BasicFormInfo />",
      "duration": 43290,
      "errorCount": 0
    },
    {
      "title": "<BasicFormInfo /> – nNumber field – onBlur - valid number should not set blur on field",
      "fullTitle": "<BasicFormInfo />",
      "duration": 43290,
      "errorCount": 0
    },
    {
      "title": "<BasicFormInfo /> – nNumber field – onClear - should clear nNumber",
      "fullTitle": "<BasicFormInfo />",
      "duration": 43290,
      "errorCount": 0
    },
    {
      "title": "<BasicFormInfo /> – nNumber field – onComplete - should complete nNumber",
      "fullTitle": "<BasicFormInfo />",
      "duration": 43290,
      "errorCount": 0
    },
    {
      "title": "<BasicFormInfo /> – nNumber field – onUpdate - should set nNumber to correct value",
      "fullTitle": "<BasicFormInfo />",
      "duration": 43290,
      "errorCount": 0
    },
    {
      "title": "<BasicFormInfo /> – Did Fields – form_didUser === false – Initial State – Should render the correct initial state",
      "fullTitle": "<BasicFormInfo />",
      "duration": 43290,
      "errorCount": 0
    },
    {
      "title": "<BasicFormInfo /> – Did Fields – form_didUser === false – Initial State – DID Tooltip Title should be message when formMode === update",
      "fullTitle": "<BasicFormInfo />",
      "duration": 43290,
      "errorCount": 0
    },
    {
      "title": "<BasicFormInfo /> – Did Fields – form_didUser === false – DID User Switch – form is in edit mode or form is in add mode opened fresh (no users have been added yet) – When onChange is called, setForm is called",
      "fullTitle": "<BasicFormInfo />",
      "duration": 43290,
      "errorCount": 0
    },
    {
      "title": "<BasicFormInfo /> – Did Fields – form_didUser === false – DID User Switch – still on add form after at least one user has been added – When onChange is called, setForm is called",
      "fullTitle": "<BasicFormInfo />",
      "duration": 43290,
      "errorCount": 0
    },
    {
      "title": "<BasicFormInfo /> – Did Fields – form_didUser === true – formMode === insert – Should render the correct initial state",
      "fullTitle": "<BasicFormInfo />",
      "duration": 43290,
      "errorCount": 0
    },
    {
      "title": "<BasicFormInfo /> – Did Fields – form_didUser === true – formMode === insert – Overflow Tooltip Title should be message when overflowSkill is not undefined",
      "fullTitle": "<BasicFormInfo />",
      "duration": 43290,
      "errorCount": 0
    },
    {
      "title": "<BasicFormInfo /> – Did Fields – form_didUser === true – formMode === update – Should render the correct initial state",
      "fullTitle": "<BasicFormInfo />",
      "duration": 43290,
      "errorCount": 0
    },
    {
      "title": "<BasicFormInfo /> – Did Fields – form_didUser === true – Overflow Skill Switch – Should be disabled with overFlowSkills are undefined",
      "fullTitle": "<BasicFormInfo />",
      "duration": 43290,
      "errorCount": 0
    },
    {
      "title": "<BasicFormInfo /> – Did Fields – form_didUser === true – Overflow Skill Switch – When onChange is called, setForm is called",
      "fullTitle": "<BasicFormInfo />",
      "duration": 43290,
      "errorCount": 0
    },
    {
      "title": "<DialListEntryForm /> – form is in INSERT mode – dialListTableState_dialListEntryFormInitialValues does not include intial values – header text has add verbiage",
      "fullTitle": "<DialListEntryForm />",
      "duration": 13958,
      "errorCount": 0
    },
    {
      "title": "<DialListEntryForm /> – form is in INSERT mode – dialListTableState_dialListEntryFormInitialValues does not include intial values – should render input components with no initial values, no error flags on inputs and save button disabled",
      "fullTitle": "<DialListEntryForm />",
      "duration": 13958,
      "errorCount": 0
    },
    {
      "title": "<DialListEntryForm /> – form is in INSERT mode – dialListTableState_dialListEntryFormInitialValues does not include intial values – calling onBlur on text fields and making fields invalid should trigger the various error logic",
      "fullTitle": "<DialListEntryForm />",
      "duration": 13958,
      "errorCount": 0
    },
    {
      "title": "<DialListEntryForm /> – form is in INSERT mode – dialListTableState_dialListEntryFormInitialValues does not include intial values – service call to insert dial list entry succeeds – submit button should be disabled then entering valid values in all the required fields should enable the submit button and show success overlay on click",
      "fullTitle": "<DialListEntryForm />",
      "duration": 13958,
      "errorCount": 0
    },
    {
      "title": "<DialListEntryForm /> – form is in INSERT mode – dialListTableState_dialListEntryFormInitialValues does not include intial values – service call to insert dial list entry fails – submit button should be disabled then entering valid values in all the required fields should enable the submit button and show failure overlay on click",
      "fullTitle": "<DialListEntryForm />",
      "duration": 13958,
      "errorCount": 0
    },
    {
      "title": "<DialListEntryForm /> – form is in UPDATE mode – dialListTableState_dialListEntryFormInitialValues includes initial values for all fields – header text has edit verbiage",
      "fullTitle": "<DialListEntryForm />",
      "duration": 13958,
      "errorCount": 0
    },
    {
      "title": "<DialListEntryForm /> – form is in UPDATE mode – dialListTableState_dialListEntryFormInitialValues includes initial values for all fields – should render input components with initial values and no error flags on inputs and save button enabled",
      "fullTitle": "<DialListEntryForm />",
      "duration": 13958,
      "errorCount": 0
    },
    {
      "title": "<DialListEntryForm /> – form is in UPDATE mode – dialListTableState_dialListEntryFormInitialValues includes initial values for all fields – calling onBlur for text fields should not trigger the error logic",
      "fullTitle": "<DialListEntryForm />",
      "duration": 13958,
      "errorCount": 0
    },
    {
      "title": "<DialListEntryForm /> – form is in UPDATE mode – dialListTableState_dialListEntryFormInitialValues does not include intial values – service call to update dial list entry succeeds – submit button should be disabled then entering valid values in all the required fields should enable the submit button and show success overlay on click",
      "fullTitle": "<DialListEntryForm />",
      "duration": 13958,
      "errorCount": 0
    },
    {
      "title": "<DialListEntryForm /> – form is in UPDATE mode – dialListTableState_dialListEntryFormInitialValues does not include intial values – service call to update dial list entry fails – submit button should be disabled then entering valid values in all the required fields should enable the submit button and show failure overlay on click",
      "fullTitle": "<DialListEntryForm />",
      "duration": 13958,
      "errorCount": 0
    },
    {
      "title": "CustomDropdown – initial render – value is an object – value_value is a valid option – Dropdown should render with expected props",
      "fullTitle": "CustomDropdown",
      "duration": 5798,
      "errorCount": 0
    },
    {
      "title": "CustomDropdown – initial render – value is an object – value_value === ''  – Dropdown should render with expected props",
      "fullTitle": "CustomDropdown",
      "duration": 5798,
      "errorCount": 0
    },
    {
      "title": "CustomDropdown – initial render – value is an object – value_value is not a valid option – Dropdown should render with expected props",
      "fullTitle": "CustomDropdown",
      "duration": 5798,
      "errorCount": 0
    },
    {
      "title": "CustomDropdown – initial render – value is not an object – value is a valid option – Dropdown should render with expected props",
      "fullTitle": "CustomDropdown",
      "duration": 5798,
      "errorCount": 0
    },
    {
      "title": "CustomDropdown – initial render – value is not an object – value === ''  – Dropdown should render with expected props",
      "fullTitle": "CustomDropdown",
      "duration": 5798,
      "errorCount": 0
    },
    {
      "title": "CustomDropdown – initial render – value is not an object – value is not a valid option – Dropdown should render with expected props",
      "fullTitle": "CustomDropdown",
      "duration": 5798,
      "errorCount": 0
    },
    {
      "title": "CustomDropdown – multiple === true – Dropdown should render with expected props",
      "fullTitle": "CustomDropdown",
      "duration": 5798,
      "errorCount": 0
    },
    {
      "title": "CustomDropdown – error === true – Dropdown should render with expected props",
      "fullTitle": "CustomDropdown",
      "duration": 5798,
      "errorCount": 0
    },
    {
      "title": "CustomDropdown – styles object is passed through – Dropdown should render with expected styles",
      "fullTitle": "CustomDropdown",
      "duration": 5798,
      "errorCount": 0
    },
    {
      "title": "CustomDropdown – onBlur is called – mockOnBlur is called",
      "fullTitle": "CustomDropdown",
      "duration": 5798,
      "errorCount": 0
    },
    {
      "title": "CustomDropdown – onChange is called – mockUpdateValue is called",
      "fullTitle": "CustomDropdown",
      "duration": 5798,
      "errorCount": 0
    },
    {
      "title": "CustomDropdown – options list includes a divider – 1 Divider is rendered",
      "fullTitle": "CustomDropdown",
      "duration": 5798,
      "errorCount": 0
    },
    {
      "title": "CustomDropdown – custom render is passed – custom render is rendered",
      "fullTitle": "CustomDropdown",
      "duration": 5798,
      "errorCount": 0
    },
    {
      "title": "<ManagerModal /> – initial state of the modal – should render StyledButton, CloseRounded & NNumberInput once each",
      "fullTitle": "<ManagerModal />",
      "duration": 54190,
      "errorCount": 0
    },
    {
      "title": "<ManagerModal /> – initial state of the modal – should not render ModalOverlay",
      "fullTitle": "<ManagerModal />",
      "duration": 54190,
      "errorCount": 0
    },
    {
      "title": "<ManagerModal /> – Add Manager – initial state – should be disabled",
      "fullTitle": "<ManagerModal />",
      "duration": 54190,
      "errorCount": 0
    },
    {
      "title": "<ManagerModal /> – Add Manager – Add Manager button is clicked – manager is not in list of managers – call to add the manager succeeds – ModalOverlay should render with 'Manager added successfully' & modal should close after 2 seconds (handleClose should be called)",
      "fullTitle": "<ManagerModal />",
      "duration": 54190,
      "errorCount": 0
    },
    {
      "title": "<ManagerModal /> – Add Manager – Add Manager button is clicked – manager is not in list of managers – call to add the manager succeeds – Manager name has an '  – should be formatted and saved successfully",
      "fullTitle": "<ManagerModal />",
      "duration": 54190,
      "errorCount": 0
    },
    {
      "title": "<ManagerModal /> – Add Manager – Add Manager button is clicked – manager is not in list of managers – call to add the manager fails – ModalOverlay should render with 'Manager added successfully' & modal should close after 2 seconds (handleClose should be called)",
      "fullTitle": "<ManagerModal />",
      "duration": 54190,
      "errorCount": 0
    },
    {
      "title": "<ManagerModal /> – Add Manager – manager is already in the list of managers – ModalOverlay should render 'Failed to Create Manager' & modal should remain open (handleClose should not be called)",
      "fullTitle": "<ManagerModal />",
      "duration": 54190,
      "errorCount": 0
    },
    {
      "title": "<ManagerModal /> – Add Manager – add Calabrio team is selected – CalabrioTeamModal should render when add-team is selected",
      "fullTitle": "<ManagerModal />",
      "duration": 54190,
      "errorCount": 0
    },
    {
      "title": "<ManagerModal /> – Add Manager – the calabrio team modal closes when expected – changing the open attribute to false closes the modal",
      "fullTitle": "<ManagerModal />",
      "duration": 54190,
      "errorCount": 0
    },
    {
      "title": "<ManagerModal /> – Update Manager – Initial State – Should show edit form with edit button",
      "fullTitle": "<ManagerModal />",
      "duration": 54190,
      "errorCount": 0
    },
    {
      "title": "<ManagerModal /> – Update Manager – Update Manager Button – Manager and Profile are selected and selectedCalabrioTeam Length !== 0 – Save Button should be enabled",
      "fullTitle": "<ManagerModal />",
      "duration": 54190,
      "errorCount": 0
    },
    {
      "title": "<ManagerModal /> – Update Manager – Update Manager Button – Update Manager Button is clicked – editManager service call is successful – Should dispatch editManager and update Modal",
      "fullTitle": "<ManagerModal />",
      "duration": 54190,
      "errorCount": 0
    },
    {
      "title": "<ManagerModal /> – Update Manager – Update Manager Button – Update Manager Button is clicked – editManager service call fails – Should not dispatch editManager and update Modal with fail status",
      "fullTitle": "<ManagerModal />",
      "duration": 54190,
      "errorCount": 0
    },
    {
      "title": "<ManagerModal /> – close button – should render whenever modal is open",
      "fullTitle": "<ManagerModal />",
      "duration": 54190,
      "errorCount": 0
    },
    {
      "title": "<ManagerModal /> – close button – when clicked – should close the modal",
      "fullTitle": "<ManagerModal />",
      "duration": 54190,
      "errorCount": 0
    },
    {
      "title": "<DirectoryEntryForm /> – form is in INSERT mode – directoryState_directoryEntryFormInitialValues does not include intial values – header text has add verbiage",
      "fullTitle": "<DirectoryEntryForm />",
      "duration": 115114,
      "errorCount": 0
    },
    {
      "title": "<DirectoryEntryForm /> – form is in INSERT mode – directoryState_directoryEntryFormInitialValues does not include intial values – should render input components with no initial values, no error flags on inputs and save button disabled",
      "fullTitle": "<DirectoryEntryForm />",
      "duration": 115114,
      "errorCount": 0
    },
    {
      "title": "<DirectoryEntryForm /> – form is in INSERT mode – directoryState_directoryEntryFormInitialValues does not include intial values – calling onBlur on text fields and making fields invalid should trigger the various error logic",
      "fullTitle": "<DirectoryEntryForm />",
      "duration": 115114,
      "errorCount": 0
    },
    {
      "title": "<DirectoryEntryForm /> – form is in INSERT mode – directoryState_directoryEntryFormInitialValues does not include intial values – service call to insert directory entry succeeds – submit button should be disabled then entering valid values in all the required fields should enable the submit button and show success overlay on click",
      "fullTitle": "<DirectoryEntryForm />",
      "duration": 115114,
      "errorCount": 0
    },
    {
      "title": "<DirectoryEntryForm /> – form is in INSERT mode – directoryState_directoryEntryFormInitialValues does not include intial values – service call to insert directory entry fails – submit button should be disabled then entering valid values in all the required fields should enable the submit button and show failure overlay on click",
      "fullTitle": "<DirectoryEntryForm />",
      "duration": 115114,
      "errorCount": 0
    },
    {
      "title": "<DirectoryEntryForm /> – form is in UPDATE mode – directoryState_directoryEntryFormInitialValues includes initial values for all fields – header text has edit verbiage",
      "fullTitle": "<DirectoryEntryForm />",
      "duration": 115114,
      "errorCount": 0
    },
    {
      "title": "<DirectoryEntryForm /> – form is in UPDATE mode – directoryState_directoryEntryFormInitialValues includes initial values for all fields – should render input components with initial values and no error flags on inputs and save button enabled",
      "fullTitle": "<DirectoryEntryForm />",
      "duration": 115114,
      "errorCount": 0
    },
    {
      "title": "<DirectoryEntryForm /> – form is in UPDATE mode – directoryState_directoryEntryFormInitialValues includes initial values for all fields – calling onBlur for text fields should not trigger the error logic",
      "fullTitle": "<DirectoryEntryForm />",
      "duration": 115114,
      "errorCount": 0
    },
    {
      "title": "<DirectoryEntryForm /> – form is in UPDATE mode – directoryState_directoryEntryFormInitialValues does not include intial values – service call to update directory entry succeeds – submit button should be disabled then entering valid values in all the required fields should enable the submit button and show success overlay on click",
      "fullTitle": "<DirectoryEntryForm />",
      "duration": 115114,
      "errorCount": 0
    },
    {
      "title": "<DirectoryEntryForm /> – form is in UPDATE mode – directoryState_directoryEntryFormInitialValues does not include intial values – service call to update directory entry fails – submit button should be disabled then entering valid values in all the required fields should enable the submit button and show failure overlay on click",
      "fullTitle": "<DirectoryEntryForm />",
      "duration": 115114,
      "errorCount": 0
    },
    {
      "title": "<UserFormButtons /> – Tooltip Toggle – form_didUser === true – forwardToToggle === false – Tooltip title should be blank",
      "fullTitle": "<UserFormButtons />",
      "duration": 118030,
      "errorCount": 0
    },
    {
      "title": "<UserFormButtons /> – Tooltip Toggle – form_didUser === true – forwardToToggle === true – isDidDifferentValue === false – Tooltip title should equal You must edit Outgoing Number and Internal Routing before saving",
      "fullTitle": "<UserFormButtons />",
      "duration": 118030,
      "errorCount": 0
    },
    {
      "title": "<UserFormButtons /> – Tooltip Toggle – form_didUser === true – forwardToToggle === true – isDidDifferentValue === true – Tooltip title should be blank",
      "fullTitle": "<UserFormButtons />",
      "duration": 118030,
      "errorCount": 0
    },
    {
      "title": "<UserFormButtons /> – Tooltip Toggle – form_didUser === false – Tooltip title should be blank",
      "fullTitle": "<UserFormButtons />",
      "duration": 118030,
      "errorCount": 0
    },
    {
      "title": "<UserFormButtons /> – Add/Save User Button – form_formMode === insert – Initial State – UserFormButton should be called 'Add User'",
      "fullTitle": "<UserFormButtons />",
      "duration": 118030,
      "errorCount": 0
    },
    {
      "title": "<UserFormButtons /> – Add/Save User Button – form_formMode === insert – Initial State – When form is valid, Add User Button is enabled",
      "fullTitle": "<UserFormButtons />",
      "duration": 118030,
      "errorCount": 0
    },
    {
      "title": "<UserFormButtons /> – Add/Save User Button – form_formMode === insert – Initial State – When form is invalid, Add User Button is disabled",
      "fullTitle": "<UserFormButtons />",
      "duration": 118030,
      "errorCount": 0
    },
    {
      "title": "<UserFormButtons /> – Add/Save User Button – form_formMode === insert – createUser service call, add office service call, and createCalabruioUser service call are successful – Worker is not a DID user – should save user with non did worker request body when clicked",
      "fullTitle": "<UserFormButtons />",
      "duration": 118030,
      "errorCount": 0
    },
    {
      "title": "<UserFormButtons /> – Add/Save User Button – form_formMode === insert – createUser service call, add office service call, and createCalabruioUser service call are successful – Worker is a DID user – should save user with did worker request body when clicked",
      "fullTitle": "<UserFormButtons />",
      "duration": 118030,
      "errorCount": 0
    },
    {
      "title": "<UserFormButtons /> – Add/Save User Button – form_formMode === insert – createUser service call, add office service call, and createCalabruioUser service call are successful – Worker profile has overflowSkill, zeroOutEnabled and directDialNum – should include overflow skill and save user with did worker request body when clicked",
      "fullTitle": "<UserFormButtons />",
      "duration": 118030,
      "errorCount": 0
    },
    {
      "title": "<UserFormButtons /> – Add/Save User Button – form_formMode === insert – createUser service call, add office service call, and createCalabruioUser service call are successful – Worker profile has overflowSkill, zeroOutEnabled and directDialNum – getNonOverflowSkills returns undefined – Should spread empty array in skills",
      "fullTitle": "<UserFormButtons />",
      "duration": 118030,
      "errorCount": 0
    },
    {
      "title": "<UserFormButtons /> – Add/Save User Button – form_formMode === insert – doCreateUser fails – addOffice fails – should not dispatch AddOffice but should still enable Add User button and save user when clicked",
      "fullTitle": "<UserFormButtons />",
      "duration": 118030,
      "errorCount": 0
    },
    {
      "title": "<UserFormButtons /> – Add/Save User Button – form_formMode === insert – doCreateUser fails – createUser fails – should not add user and should update loading with failed specific error message",
      "fullTitle": "<UserFormButtons />",
      "duration": 118030,
      "errorCount": 0
    },
    {
      "title": "<UserFormButtons /> – Add/Save User Button – form_formMode === insert – doCreateUser fails – createUser fails – should not add user and should update loading with failed generic error message",
      "fullTitle": "<UserFormButtons />",
      "duration": 118030,
      "errorCount": 0
    },
    {
      "title": "<UserFormButtons /> – Add/Save User Button – form_formMode === insert – checkConflictingUsers fails – createCalabrioUser should not be called",
      "fullTitle": "<UserFormButtons />",
      "duration": 118030,
      "errorCount": 0
    },
    {
      "title": "<UserFormButtons /> – Add/Save User Button – form_formMode === insert – createCalabrioUser fails – setForm should not be called",
      "fullTitle": "<UserFormButtons />",
      "duration": 118030,
      "errorCount": 0
    },
    {
      "title": "<UserFormButtons /> – Add/Save User Button – form_formMode === insert – getCalabrioUsers fails – setForm should not be called",
      "fullTitle": "<UserFormButtons />",
      "duration": 118030,
      "errorCount": 0
    },
    {
      "title": "<UserFormButtons /> – Add/Save User Button – form_formMode === update – nNumberFetchedUser is null – fetchUser throws an error – Error is caught and logged",
      "fullTitle": "<UserFormButtons />",
      "duration": 118030,
      "errorCount": 0
    },
    {
      "title": "<UserFormButtons /> – Add/Save User Button – form_formMode === update – nNumberFetchedUser is null – fetchUser is Successful – email matches existing user – fetchUser is run on render and mockSetForm is called once",
      "fullTitle": "<UserFormButtons />",
      "duration": 118030,
      "errorCount": 0
    },
    {
      "title": "<UserFormButtons /> – Add/Save User Button – form_formMode === update – nNumberFetchedUser is null – fetchUser is Successful – email does not match existing user – fetchUser is run on render and mockSetForm is called twice",
      "fullTitle": "<UserFormButtons />",
      "duration": 118030,
      "errorCount": 0
    },
    {
      "title": "<UserFormButtons /> – Add/Save User Button – form_formMode === update – Initial State – UserFormButton should be called 'Save User'",
      "fullTitle": "<UserFormButtons />",
      "duration": 118030,
      "errorCount": 0
    },
    {
      "title": "<UserFormButtons /> – Add/Save User Button – form_formMode === update – Initial State – When form is valid, Add Save Button is enabled",
      "fullTitle": "<UserFormButtons />",
      "duration": 118030,
      "errorCount": 0
    },
    {
      "title": "<UserFormButtons /> – Add/Save User Button – form_formMode === update – Initial State – When form is invalid, Add Save Button is disabled",
      "fullTitle": "<UserFormButtons />",
      "duration": 118030,
      "errorCount": 0
    },
    {
      "title": "<UserFormButtons /> – Add/Save User Button – form_formMode === update – updateUser service call, add office service call, and createCalabrioUser service call are successful – Worker is not a DID user – should save user with non did worker request body when clicked",
      "fullTitle": "<UserFormButtons />",
      "duration": 118030,
      "errorCount": 0
    },
    {
      "title": "<UserFormButtons /> – Add/Save User Button – form_formMode === update – updateUser service call, add office service call, and createCalabrioUser service call are successful – Worker is a DID user – should save user with did worker request body when clicked",
      "fullTitle": "<UserFormButtons />",
      "duration": 118030,
      "errorCount": 0
    },
    {
      "title": "<UserFormButtons /> – Add/Save User Button – form_formMode === update – updateUser service call, add office service call, and createCalabrioUser service call are successful – Worker is a DID user – getNonOverflowSkills returns undefined – Should spread empty array in skills",
      "fullTitle": "<UserFormButtons />",
      "duration": 118030,
      "errorCount": 0
    },
    {
      "title": "<UserFormButtons /> – Add/Save User Button – form_formMode === update – updateUser service call, add office service call, and createCalabrioUser service call are successful – Fields are unchanged – should save user with did worker request body when clicked",
      "fullTitle": "<UserFormButtons />",
      "duration": 118030,
      "errorCount": 0
    },
    {
      "title": "<UserFormButtons /> – Add/Save User Button – form_formMode === update – updateUser service call, add office service call, and createCalabrioUser service call are successful – nNumberFetchedUser is null – should save user with did worker request body when clicked",
      "fullTitle": "<UserFormButtons />",
      "duration": 118030,
      "errorCount": 0
    },
    {
      "title": "<UserFormButtons /> – Add/Save User Button – form_formMode === update – updateUser service call, add office service call, and createCalabrioUser service call are successful – nNumberFetchedUser is missing information – should save user with did worker request body when clicked",
      "fullTitle": "<UserFormButtons />",
      "duration": 118030,
      "errorCount": 0
    },
    {
      "title": "<UserFormButtons /> – Add/Save User Button – form_formMode === update – doUpdateUser fails – should not update user and should update loading with custom error message",
      "fullTitle": "<UserFormButtons />",
      "duration": 118030,
      "errorCount": 0
    },
    {
      "title": "<UserFormButtons /> – Add/Save User Button – form_formMode === update – doUpdateUser fails – should not update user and should update loading with generic failed status",
      "fullTitle": "<UserFormButtons />",
      "duration": 118030,
      "errorCount": 0
    },
    {
      "title": "<UserFormButtons /> – Add/Save User Button – form_formMode === update – checkConflictingUsers fails – updateCalabrioUser should not be called",
      "fullTitle": "<UserFormButtons />",
      "duration": 118030,
      "errorCount": 0
    },
    {
      "title": "<UserFormButtons /> – Add/Save User Button – form_formMode === update – createCalabrioUser fails – setForm should not be called",
      "fullTitle": "<UserFormButtons />",
      "duration": 118030,
      "errorCount": 0
    },
    {
      "title": "<UserFormButtons /> – Add/Save User Button – form_formMode === update – updateCalabrioUser fails – setForm should not be called",
      "fullTitle": "<UserFormButtons />",
      "duration": 118030,
      "errorCount": 0
    },
    {
      "title": "<UserFormButtons /> – Add/Save User Button – form_formMode === update – getCalabrioUsers fails – setForm should not be called",
      "fullTitle": "<UserFormButtons />",
      "duration": 118030,
      "errorCount": 0
    },
    {
      "title": "<UserFormButtons /> – Add/Save User Button – form_formMode === update – calabrioUser is not updated – setForm should not be called",
      "fullTitle": "<UserFormButtons />",
      "duration": 118030,
      "errorCount": 0
    },
    {
      "title": "<UserFormButtons /> – Close Button – When the Close Button is clicked, handleClose and setForm should be called",
      "fullTitle": "<UserFormButtons />",
      "duration": 118030,
      "errorCount": 0
    },
    {
      "title": "CallRecordingForm – User is being created – initial render – groups length is 0 while groups > 0 – setScopeOnNewUser is called",
      "fullTitle": "CallRecordingForm",
      "duration": 124579,
      "errorCount": 0
    },
    {
      "title": "CallRecordingForm – User is being created – initial render – teams length is 0 while teams > 0 – setScopeOnNewUser is called",
      "fullTitle": "CallRecordingForm",
      "duration": 124579,
      "errorCount": 0
    },
    {
      "title": "CallRecordingForm – User is being created – initial render – groups and teams are both empty – Form is rendered as expected",
      "fullTitle": "CallRecordingForm",
      "duration": 124579,
      "errorCount": 0
    },
    {
      "title": "CallRecordingForm – User is being created – initial render – groups and teams are both length > 0 – Form is rendered as expected",
      "fullTitle": "CallRecordingForm",
      "duration": 124579,
      "errorCount": 0
    },
    {
      "title": "CallRecordingForm – User is being created – Role Dropdown – updateValue is called – setForm is called with the appropriate params",
      "fullTitle": "CallRecordingForm",
      "duration": 124579,
      "errorCount": 0
    },
    {
      "title": "CallRecordingForm – User is being created – Team Dropdown – manager's'calabrio teams is not null – The dropdown should only show the managers teams",
      "fullTitle": "CallRecordingForm",
      "duration": 124579,
      "errorCount": 0
    },
    {
      "title": "CallRecordingForm – User is being created – Team Dropdown – updateValue is called – setForm is called with the appropriate params",
      "fullTitle": "CallRecordingForm",
      "duration": 124579,
      "errorCount": 0
    },
    {
      "title": "CallRecordingForm – User is being created – Timezone Dropdown – updateValue is called – setForm is called with the appropriate params",
      "fullTitle": "CallRecordingForm",
      "duration": 124579,
      "errorCount": 0
    },
    {
      "title": "CallRecordingForm – User is being updated – initial successful render – Form is rendered as expected",
      "fullTitle": "CallRecordingForm",
      "duration": 124579,
      "errorCount": 0
    },
    {
      "title": "CallRecordingForm – User is being updated – Ad Login on User Record does not match form_nNumber_value – Form is rendered as expected",
      "fullTitle": "CallRecordingForm",
      "duration": 124579,
      "errorCount": 0
    },
    {
      "title": "CallRecordingForm – User is being updated – Email on User Record does not match form_nNumberFetchedUser_email – Form is rendered as expected",
      "fullTitle": "CallRecordingForm",
      "duration": 124579,
      "errorCount": 0
    },
    {
      "title": "CallRecordingForm – User is being updated – worker was not found in Calabrio User state – Form is rendered as expected",
      "fullTitle": "CallRecordingForm",
      "duration": 124579,
      "errorCount": 0
    },
    {
      "title": "CallRecordingForm – User is being updated – Worker was found in Calabrio User state but failed to fetch user – Form is rendered as expected",
      "fullTitle": "CallRecordingForm",
      "duration": 124579,
      "errorCount": 0
    },
    {
      "title": "userFormReducer – Default Case – should return state",
      "fullTitle": "userFormReducer",
      "duration": 125005,
      "errorCount": 0
    },
    {
      "title": "userFormReducer – ASSIGN_EXTENSION – should change searchStatus state",
      "fullTitle": "userFormReducer",
      "duration": 125005,
      "errorCount": 0
    },
    {
      "title": "userFormReducer – CHECK_CALABRIO_GROUP – checked box checked – should change calabrio group state",
      "fullTitle": "userFormReducer",
      "duration": 125005,
      "errorCount": 0
    },
    {
      "title": "userFormReducer – CHECK_CALABRIO_GROUP – partial box checked – should change calabrio group state",
      "fullTitle": "userFormReducer",
      "duration": 125005,
      "errorCount": 0
    },
    {
      "title": "userFormReducer – CHECK_CALABRIO_TEAM – checked box checked – should change calabrio team state",
      "fullTitle": "userFormReducer",
      "duration": 125005,
      "errorCount": 0
    },
    {
      "title": "userFormReducer – CLEAR_EXTENSION – should clear extension",
      "fullTitle": "userFormReducer",
      "duration": 125005,
      "errorCount": 0
    },
    {
      "title": "userFormReducer – CLEAR_N_NUMBER – should clear nNumber",
      "fullTitle": "userFormReducer",
      "duration": 125005,
      "errorCount": 0
    },
    {
      "title": "userFormReducer – CLEAR_OUTGOING_NUMBER – should clear Outgoing Number",
      "fullTitle": "userFormReducer",
      "duration": 125005,
      "errorCount": 0
    },
    {
      "title": "userFormReducer – COMPLETE_N_NUMBER – should update fetched user",
      "fullTitle": "userFormReducer",
      "duration": 125005,
      "errorCount": 0
    },
    {
      "title": "userFormReducer – EDIT_PEN_CLICK_FORWARD_TO_TOGGLE – should set forward to toggle fields",
      "fullTitle": "userFormReducer",
      "duration": 125005,
      "errorCount": 0
    },
    {
      "title": "userFormReducer – EDIT_PEN_CLICK_NO_FORWARD_TO_TOGGLE – should reset forward to toggle",
      "fullTitle": "userFormReducer",
      "duration": 125005,
      "errorCount": 0
    },
    {
      "title": "userFormReducer – INITIATE_DID_FIELDS - DID User – should initiate DID fields",
      "fullTitle": "userFormReducer",
      "duration": 125005,
      "errorCount": 0
    },
    {
      "title": "userFormReducer – INITIATE_DID_FIELDS - NonDID User – should initiate DID fields and zeroOutEnabled should remain unchanged - false",
      "fullTitle": "userFormReducer",
      "duration": 125005,
      "errorCount": 0
    },
    {
      "title": "userFormReducer – INITIATE_DID_FIELDS - NonDID User – should initiate DID fields and zeroOutEnabled should remain unchanged - true",
      "fullTitle": "userFormReducer",
      "duration": 125005,
      "errorCount": 0
    },
    {
      "title": "userFormReducer – INITIATE_ZERO_OUT_FIELDS – zeroOutEnabled === false – should set zeroOutEnabled to true",
      "fullTitle": "userFormReducer",
      "duration": 125005,
      "errorCount": 0
    },
    {
      "title": "userFormReducer – INITIATE_ZERO_OUT_FIELDS – zeroOutEnabled === true – should initiate zero out fields",
      "fullTitle": "userFormReducer",
      "duration": 125005,
      "errorCount": 0
    },
    {
      "title": "userFormReducer – RESET_FORM – should reset form to initial state",
      "fullTitle": "userFormReducer",
      "duration": 125005,
      "errorCount": 0
    },
    {
      "title": "userFormReducer – RESET_FORM_AFTER_ADD – should reset all form fields except Manager, Team & Outbound Number",
      "fullTitle": "userFormReducer",
      "duration": 125005,
      "errorCount": 0
    },
    {
      "title": "userFormReducer – RESET_FORM_AFTER_ADD – should reset all form fields except Manager, Team & DID Toggle",
      "fullTitle": "userFormReducer",
      "duration": 125005,
      "errorCount": 0
    },
    {
      "title": "userFormReducer – SET_BLUR_ON_FIELD – should reset field blurred property to true",
      "fullTitle": "userFormReducer",
      "duration": 125005,
      "errorCount": 0
    },
    {
      "title": "userFormReducer – SET_CALABRIO_USER – should set Calabrio User to Payload",
      "fullTitle": "userFormReducer",
      "duration": 125005,
      "errorCount": 0
    },
    {
      "title": "userFormReducer – SET_CALABRIO_ROLES – should set Calabrio User Roles to Payload",
      "fullTitle": "userFormReducer",
      "duration": 125005,
      "errorCount": 0
    },
    {
      "title": "userFormReducer – SET_CALABRIO_TEAM – should set Calabrio User Roles to Payload",
      "fullTitle": "userFormReducer",
      "duration": 125005,
      "errorCount": 0
    },
    {
      "title": "userFormReducer – SET_CALABRIO_TEAM – should set Calabrio User Roles to Payload (2)",
      "fullTitle": "userFormReducer",
      "duration": 125005,
      "errorCount": 0
    },
    {
      "title": "userFormReducer – SET_DISCREPANCIES – should set Calabrio User Roles to Payload",
      "fullTitle": "userFormReducer",
      "duration": 125005,
      "errorCount": 0
    },
    {
      "title": "userFormReducer – SET_EXTENSION_MESSAGE – SET_EXTENSION_MESSAGE should update message",
      "fullTitle": "userFormReducer",
      "duration": 125005,
      "errorCount": 0
    },
    {
      "title": "userFormReducer – SET_EXTENSION_RETRIES – remaining === 0 – SET_EXTENSION_RETRIES should decrement retriesRemaining",
      "fullTitle": "userFormReducer",
      "duration": 125005,
      "errorCount": 0
    },
    {
      "title": "userFormReducer – SET_EXTENSION_RETRIES – remaining > 0 – SET_EXTENSION_RETRIES should decrement retriesRemaining",
      "fullTitle": "userFormReducer",
      "duration": 125005,
      "errorCount": 0
    },
    {
      "title": "userFormReducer – SET_EXTENSION_VERIFIED – SET_EXTENSION_VERIFIED reset search params and a verified message",
      "fullTitle": "userFormReducer",
      "duration": 125005,
      "errorCount": 0
    },
    {
      "title": "userFormReducer – SET_UPDATE_FORM_STATE for DID User – should reset form to update state",
      "fullTitle": "userFormReducer",
      "duration": 125005,
      "errorCount": 0
    },
    {
      "title": "userFormReducer – SET_UPDATE_FORM_STATE for NonDID User – should reset form to update state",
      "fullTitle": "userFormReducer",
      "duration": 125005,
      "errorCount": 0
    },
    {
      "title": "userFormReducer – SET_USER_PREVIOUSLY_ADDED_TRUE – should set userPreviouslyAdded to true",
      "fullTitle": "userFormReducer",
      "duration": 125005,
      "errorCount": 0
    },
    {
      "title": "userFormReducer – UPDATE_DEFAULT_SKILLS – should update default skills",
      "fullTitle": "userFormReducer",
      "duration": 125005,
      "errorCount": 0
    },
    {
      "title": "userFormReducer – UPDATE_EXTENSION – Extension is valid – should update extension",
      "fullTitle": "userFormReducer",
      "duration": 125005,
      "errorCount": 0
    },
    {
      "title": "userFormReducer – UPDATE_EXTENSION – Extension is not valid – should update extension",
      "fullTitle": "userFormReducer",
      "duration": 125005,
      "errorCount": 0
    },
    {
      "title": "userFormReducer – UPDATE_INACTIVE_FORWARD_TO – should update inactive forward to",
      "fullTitle": "userFormReducer",
      "duration": 125005,
      "errorCount": 0
    },
    {
      "title": "userFormReducer – UPDATE_MANAGER – should update manager",
      "fullTitle": "userFormReducer",
      "duration": 125005,
      "errorCount": 0
    },
    {
      "title": "userFormReducer – UPDATE_N_NUMBER – should update nNumber",
      "fullTitle": "userFormReducer",
      "duration": 125005,
      "errorCount": 0
    },
    {
      "title": "userFormReducer – UPDATE_PHONE_NUMBER with e164 – should update phone number",
      "fullTitle": "userFormReducer",
      "duration": 125005,
      "errorCount": 0
    },
    {
      "title": "userFormReducer – UPDATE_PHONE_NUMBER without e164 – should update phone number",
      "fullTitle": "userFormReducer",
      "duration": 125005,
      "errorCount": 0
    },
    {
      "title": "userFormReducer – UPDATE_TEAM – Profile is updated from a profile without a zero out skill to one with a zero out skill – should update team and set zeroOutEnabled to true",
      "fullTitle": "userFormReducer",
      "duration": 125005,
      "errorCount": 0
    },
    {
      "title": "userFormReducer – UPDATE_TEAM – Profile is updated from a profile with a zero out skill to one without – should update team and set zeroOutEnabled to false",
      "fullTitle": "userFormReducer",
      "duration": 125005,
      "errorCount": 0
    },
    {
      "title": "TfnActivation – initial render – component renders with expected props",
      "fullTitle": "TfnActivation",
      "duration": 16256,
      "errorCount": 0
    },
    {
      "title": "TfnActivation – getTfn fails – error is swallowed and logged - default information is used",
      "fullTitle": "TfnActivation",
      "duration": 16256,
      "errorCount": 0
    },
    {
      "title": "TfnActivation – Non Valid Phone Number is Entered – onBlur is called – showError === true",
      "fullTitle": "TfnActivation",
      "duration": 16256,
      "errorCount": 0
    },
    {
      "title": "TfnActivation – Valid Phone Number is Entered – phoneNumber does not exist in the database – should render additional fields with default data",
      "fullTitle": "TfnActivation",
      "duration": 16256,
      "errorCount": 0
    },
    {
      "title": "TfnActivation – Valid Phone Number is Entered – phoneNumber exists in the database – should render additional fields with existing data",
      "fullTitle": "TfnActivation",
      "duration": 16256,
      "errorCount": 0
    },
    {
      "title": "TfnActivation – Valid Phone Number is Entered – onBlur is called – showError === false",
      "fullTitle": "TfnActivation",
      "duration": 16256,
      "errorCount": 0
    },
    {
      "title": "TfnActivation – Additional fields – group dropdown – updateValue is called – group selection !== BL Sales – group value is updated and entry message is unchanged",
      "fullTitle": "TfnActivation",
      "duration": 16256,
      "errorCount": 0
    },
    {
      "title": "TfnActivation – Additional fields – group dropdown – updateValue is called – group selection === BL Sales – group value is updated and entry message is updated to default",
      "fullTitle": "TfnActivation",
      "duration": 16256,
      "errorCount": 0
    },
    {
      "title": "TfnActivation – Additional fields – Display Name Field – updateValue is called – display name value is updated",
      "fullTitle": "TfnActivation",
      "duration": 16256,
      "errorCount": 0
    },
    {
      "title": "TfnActivation – Additional fields – Entry Message Field – group_name === BL Sales –  entry message field should be reset to default and disabled",
      "fullTitle": "TfnActivation",
      "duration": 16256,
      "errorCount": 0
    },
    {
      "title": "TfnActivation – Additional fields – Entry Message Field – updateValue is called – entry message value is updated",
      "fullTitle": "TfnActivation",
      "duration": 16256,
      "errorCount": 0
    },
    {
      "title": "TfnActivation – Submit Button is clicked – setConfirmationModalOpts is called",
      "fullTitle": "TfnActivation",
      "duration": 16256,
      "errorCount": 0
    },
    {
      "title": "TfnActivation – Confirmation Modal – onClose is called – setConfirmationModalOpts is called",
      "fullTitle": "TfnActivation",
      "duration": 16256,
      "errorCount": 0
    },
    {
      "title": "TfnActivation – Confirmation Modal – onConfirm is called – updateTfn succeeds – Save Result is set to success",
      "fullTitle": "TfnActivation",
      "duration": 16256,
      "errorCount": 0
    },
    {
      "title": "TfnActivation – Confirmation Modal – onConfirm is called – updateTfn fails – Save Result is set to failed",
      "fullTitle": "TfnActivation",
      "duration": 16256,
      "errorCount": 0
    },
    {
      "title": "skillsUtils – areSkillsDifferent – should return false when default_skills is not defined",
      "fullTitle": "skillsUtils",
      "duration": 2952,
      "errorCount": 0
    },
    {
      "title": "skillsUtils – areSkillsDifferent – should return false when default_skills is null",
      "fullTitle": "skillsUtils",
      "duration": 2952,
      "errorCount": 0
    },
    {
      "title": "skillsUtils – areSkillsDifferent – should return false when default_skills matches routing object",
      "fullTitle": "skillsUtils",
      "duration": 2952,
      "errorCount": 0
    },
    {
      "title": "skillsUtils – areSkillsDifferent – should return false when default_skills matches routing object regardless of order of arrays or object keys",
      "fullTitle": "skillsUtils",
      "duration": 2952,
      "errorCount": 0
    },
    {
      "title": "skillsUtils – areSkillsDifferent – should return true when default_skills differs from routing",
      "fullTitle": "skillsUtils",
      "duration": 2952,
      "errorCount": 0
    },
    {
      "title": "skillsUtils – areSkillsDifferent – should return true when default_skills differs from routing (2)",
      "fullTitle": "skillsUtils",
      "duration": 2952,
      "errorCount": 0
    },
    {
      "title": "skillsUtils – areSkillsDifferent – should return true when default_skills differs from routing (3)",
      "fullTitle": "skillsUtils",
      "duration": 2952,
      "errorCount": 0
    },
    {
      "title": "skillsUtils – areSkillsDifferent – should return true when default_skills differs from routing (4)",
      "fullTitle": "skillsUtils",
      "duration": 2952,
      "errorCount": 0
    },
    {
      "title": "skillsUtils – areSkillsDifferent – should return true when default_skills differs from routing (5)",
      "fullTitle": "skillsUtils",
      "duration": 2952,
      "errorCount": 0
    },
    {
      "title": "skillsUtils – areSkillsDifferent – should return true when default_skills differs from routing (6)",
      "fullTitle": "skillsUtils",
      "duration": 2952,
      "errorCount": 0
    },
    {
      "title": "skillsUtils – areSkillsDifferent – should return true when default_skills differs from routing (7)",
      "fullTitle": "skillsUtils",
      "duration": 2952,
      "errorCount": 0
    },
    {
      "title": "skillsUtils – areSkillsDifferent – should return true when default_skills differs from routing (8)",
      "fullTitle": "skillsUtils",
      "duration": 2952,
      "errorCount": 0
    },
    {
      "title": "skillsUtils – getValidSkillsObject – skillsObject is not a plain object – should return default object if skillsObject is undefined",
      "fullTitle": "skillsUtils",
      "duration": 2952,
      "errorCount": 0
    },
    {
      "title": "skillsUtils – getValidSkillsObject – skillsObject is not a plain object – should return default object if skillsObject is null",
      "fullTitle": "skillsUtils",
      "duration": 2952,
      "errorCount": 0
    },
    {
      "title": "skillsUtils – getValidSkillsObject – skillsObject is not a plain object – should return default object if skillsObject is an array",
      "fullTitle": "skillsUtils",
      "duration": 2952,
      "errorCount": 0
    },
    {
      "title": "skillsUtils – getValidSkillsObject – skillsObject is not a plain object – should return default object if skillsObject is a string",
      "fullTitle": "skillsUtils",
      "duration": 2952,
      "errorCount": 0
    },
    {
      "title": "skillsUtils – getValidSkillsObject – skillsObject is not a plain object – should return default object if skillsObject is a number",
      "fullTitle": "skillsUtils",
      "duration": 2952,
      "errorCount": 0
    },
    {
      "title": "skillsUtils – getValidSkillsObject – skillsObject is not a plain object – should return default object if skillsObject is a boolean",
      "fullTitle": "skillsUtils",
      "duration": 2952,
      "errorCount": 0
    },
    {
      "title": "skillsUtils – getValidSkillsObject – skillsObject is a plain object – skillsObject contains neither levels or skills – should return default object if skillsObject is an empty object",
      "fullTitle": "skillsUtils",
      "duration": 2952,
      "errorCount": 0
    },
    {
      "title": "skillsUtils – getValidSkillsObject – skillsObject is a plain object – skillsObject contains neither levels or skills – should return default object if skillsObject does not contain levels or skills",
      "fullTitle": "skillsUtils",
      "duration": 2952,
      "errorCount": 0
    },
    {
      "title": "skillsUtils – getValidSkillsObject – skillsObject is a plain object – skills is not an array – should return skills as empty array when skills is an object",
      "fullTitle": "skillsUtils",
      "duration": 2952,
      "errorCount": 0
    },
    {
      "title": "skillsUtils – getValidSkillsObject – skillsObject is a plain object – skills is not an array – should return skills as empty array when skills is undefined",
      "fullTitle": "skillsUtils",
      "duration": 2952,
      "errorCount": 0
    },
    {
      "title": "skillsUtils – getValidSkillsObject – skillsObject is a plain object – skills is not an array – should return skills as empty array when skills is null",
      "fullTitle": "skillsUtils",
      "duration": 2952,
      "errorCount": 0
    },
    {
      "title": "skillsUtils – getValidSkillsObject – skillsObject is a plain object – skills is not an array – should return skills as empty array when skills is a string",
      "fullTitle": "skillsUtils",
      "duration": 2952,
      "errorCount": 0
    },
    {
      "title": "skillsUtils – getValidSkillsObject – skillsObject is a plain object – skills is not an array – should return skills as empty array when skills is a number",
      "fullTitle": "skillsUtils",
      "duration": 2952,
      "errorCount": 0
    },
    {
      "title": "skillsUtils – getValidSkillsObject – skillsObject is a plain object – skills is not an array – should return skills as empty array when skills is a boolean",
      "fullTitle": "skillsUtils",
      "duration": 2952,
      "errorCount": 0
    },
    {
      "title": "skillsUtils – getValidSkillsObject – skillsObject is a plain object – skills is a valid array – should return skills as empty array when skills is an empty array",
      "fullTitle": "skillsUtils",
      "duration": 2952,
      "errorCount": 0
    },
    {
      "title": "skillsUtils – getValidSkillsObject – skillsObject is a plain object – skills is a valid array – should return skills as array with skills when skills is populated",
      "fullTitle": "skillsUtils",
      "duration": 2952,
      "errorCount": 0
    },
    {
      "title": "skillsUtils – getValidSkillsObject – skillsObject is a plain object – levels is not a plain object – should return levels as empty object when levels is undefined",
      "fullTitle": "skillsUtils",
      "duration": 2952,
      "errorCount": 0
    },
    {
      "title": "skillsUtils – getValidSkillsObject – skillsObject is a plain object – levels is not a plain object – should return levels as empty object when levels is string",
      "fullTitle": "skillsUtils",
      "duration": 2952,
      "errorCount": 0
    },
    {
      "title": "skillsUtils – getValidSkillsObject – skillsObject is a plain object – levels is not a plain object – should return levels as empty object when levels is number",
      "fullTitle": "skillsUtils",
      "duration": 2952,
      "errorCount": 0
    },
    {
      "title": "skillsUtils – getValidSkillsObject – skillsObject is a plain object – levels is not a plain object – should return levels as empty object when levels is array",
      "fullTitle": "skillsUtils",
      "duration": 2952,
      "errorCount": 0
    },
    {
      "title": "skillsUtils – getValidSkillsObject – skillsObject is a plain object – levels is not a plain object – should return levels as empty object when levels is null",
      "fullTitle": "skillsUtils",
      "duration": 2952,
      "errorCount": 0
    },
    {
      "title": "skillsUtils – getValidSkillsObject – skillsObject is a plain object – levels is a plain object – should return levels as empty object when levels is empty object",
      "fullTitle": "skillsUtils",
      "duration": 2952,
      "errorCount": 0
    },
    {
      "title": "skillsUtils – getValidSkillsObject – skillsObject is a plain object – levels is a plain object – should return levels as object with key values when levels is empty object with valid key value pairs",
      "fullTitle": "skillsUtils",
      "duration": 2952,
      "errorCount": 0
    },
    {
      "title": "skillsUtils – getValidSkillsObject – skillsObject is a plain object – skills is valid and levels is not – should return levels as empty object and skills as array",
      "fullTitle": "skillsUtils",
      "duration": 2952,
      "errorCount": 0
    },
    {
      "title": "skillsUtils – getValidSkillsObject – skillsObject is a plain object – levels is valid and skills is not – should return skills as empty array and levels as valid object",
      "fullTitle": "skillsUtils",
      "duration": 2952,
      "errorCount": 0
    },
    {
      "title": "skillsUtils – getValidSkillsObject – skillsObject is a plain object – levels is valid and skills is valid – should return same skills and levels",
      "fullTitle": "skillsUtils",
      "duration": 2952,
      "errorCount": 0
    },
    {
      "title": "<DidFormInfo /> – Initial State – Should render the correct initial state",
      "fullTitle": "<DidFormInfo />",
      "duration": 5278,
      "errorCount": 0
    },
    {
      "title": "<DidFormInfo /> – Direct Dial Number – onBlur - should set blur on field",
      "fullTitle": "<DidFormInfo />",
      "duration": 5278,
      "errorCount": 0
    },
    {
      "title": "<DidFormInfo /> – Direct Dial Number – onBlur - when number is valid, blur should not be set",
      "fullTitle": "<DidFormInfo />",
      "duration": 5278,
      "errorCount": 0
    },
    {
      "title": "<DidFormInfo /> – Direct Dial Number – updateValue - should set internal routing number to correct value",
      "fullTitle": "<DidFormInfo />",
      "duration": 5278,
      "errorCount": 0
    },
    {
      "title": "<DidFormInfo /> – Direct Dial Number – worker_directDialNum && form_formMode !== insert – StyledIcon is rendered with the correct props",
      "fullTitle": "<DidFormInfo />",
      "duration": 5278,
      "errorCount": 0
    },
    {
      "title": "<DidFormInfo /> – Direct Dial Number – worker_directDialNum && form_formMode !== insert – forwardToToggle === true",
      "fullTitle": "<DidFormInfo />",
      "duration": 5278,
      "errorCount": 0
    },
    {
      "title": "<DidFormInfo /> – Direct Dial Number – worker_directDialNum && form_formMode !== insert – forwardToToggle === false",
      "fullTitle": "<DidFormInfo />",
      "duration": 5278,
      "errorCount": 0
    },
    {
      "title": "<DidFormInfo /> – Direct Dial Number – forwardToToggle === true && form_formMode === update – ForwardToEntryForm is rendered with the correct props",
      "fullTitle": "<DidFormInfo />",
      "duration": 5278,
      "errorCount": 0
    },
    {
      "title": "<DidFormInfo /> – Direct Dial Number – forwardToToggle === true && form_formMode === update – updateForwardTo - should update inactiveForwardTo",
      "fullTitle": "<DidFormInfo />",
      "duration": 5278,
      "errorCount": 0
    },
    {
      "title": "<DidFormInfo /> – Alternate DID – disabled property should be true",
      "fullTitle": "<DidFormInfo />",
      "duration": 5278,
      "errorCount": 0
    },
    {
      "title": "<DidFormInfo /> – Alternate DID – onBlur - should set blur on field",
      "fullTitle": "<DidFormInfo />",
      "duration": 5278,
      "errorCount": 0
    },
    {
      "title": "<DidFormInfo /> – Alternate DID – updateValue - should set internal routing number to correct value",
      "fullTitle": "<DidFormInfo />",
      "duration": 5278,
      "errorCount": 0
    },
    {
      "title": "calabrioUtils – formatCalabrioTeams – Calabrio payload is filtered as expected",
      "fullTitle": "calabrioUtils",
      "duration": 93961,
      "errorCount": 0
    },
    {
      "title": "calabrioUtils – formatCalabrioGroups – Calabrio payload is filtered as expected",
      "fullTitle": "calabrioUtils",
      "duration": 93961,
      "errorCount": 0
    },
    {
      "title": "calabrioUtils – formatCalabrioTenant – Calabrio payload is filtered as expected",
      "fullTitle": "calabrioUtils",
      "duration": 93961,
      "errorCount": 0
    },
    {
      "title": "calabrioUtils – formatCalabrioRoles – Calabrio payload is filtered as expected",
      "fullTitle": "calabrioUtils",
      "duration": 93961,
      "errorCount": 0
    },
    {
      "title": "calabrioUtils – checkConflictingUsers – acd Id === dupUser acd Id – should return",
      "fullTitle": "calabrioUtils",
      "duration": 93961,
      "errorCount": 0
    },
    {
      "title": "calabrioUtils – checkConflictingUsers – conflicting profile found with email – getCalabrioUser fails – Error should be caught and logged",
      "fullTitle": "calabrioUtils",
      "duration": 93961,
      "errorCount": 0
    },
    {
      "title": "calabrioUtils – checkConflictingUsers – conflicting profile found with email – updateCalabrioUser fails – Error should be caught and logged",
      "fullTitle": "calabrioUtils",
      "duration": 93961,
      "errorCount": 0
    },
    {
      "title": "calabrioUtils – checkConflictingUsers – conflicting profile found with email – getCalabrioUser and updateCalabrioUser succeeds – No Error is returned and user is successfully updated",
      "fullTitle": "calabrioUtils",
      "duration": 93961,
      "errorCount": 0
    },
    {
      "title": "calabrioUtils – checkConflictingUsers – conflicting profile found with email – getCalabrioUser and updateCalabrioUser succeeds – Dup User has no team – No Error is returned and user is successfully updated",
      "fullTitle": "calabrioUtils",
      "duration": 93961,
      "errorCount": 0
    },
    {
      "title": "calabrioUtils – checkConflictingUsers – conflicting profile found with adLogin – getCalabrioUser fails – Error should be caught and logged",
      "fullTitle": "calabrioUtils",
      "duration": 93961,
      "errorCount": 0
    },
    {
      "title": "calabrioUtils – checkConflictingUsers – conflicting profile found with adLogin – updateCalabrioUser fails – Error should be caught and logged",
      "fullTitle": "calabrioUtils",
      "duration": 93961,
      "errorCount": 0
    },
    {
      "title": "calabrioUtils – checkConflictingUsers – conflicting profile found with adLogin – getCalabrioUser and updateCalabrioUser succeeds – No Error is returned and user is successfully updated",
      "fullTitle": "calabrioUtils",
      "duration": 93961,
      "errorCount": 0
    },
    {
      "title": "calabrioUtils – checkConflictingUsers – conflicting profile found with adLogin – getCalabrioUser and updateCalabrioUser succeeds – Dup User has no team – No Error is returned and user is successfully updated",
      "fullTitle": "calabrioUtils",
      "duration": 93961,
      "errorCount": 0
    },
    {
[...]
    },
    {
      "title": "updateFlashMessage – call succeeds – should resolve with any successful response",
      "fullTitle": "updateFlashMessage",
      "duration": 35483,
      "errorCount": 0
    },
    {
      "title": "updateFlashMessage – call fails – should reject with error",
      "fullTitle": "updateFlashMessage",
      "duration": 35483,
      "errorCount": 0
    },
    {
      "title": "updateClosedMessage – call succeeds – should resolve with any successful response",
      "fullTitle": "updateClosedMessage",
      "duration": 35483,
      "errorCount": 0
    },
    {
      "title": "updateClosedMessage – call fails – should reject with error",
      "fullTitle": "updateClosedMessage",
      "duration": 35483,
      "errorCount": 0
    },
    {
      "title": "<ModalOverlay /> – status = 'saving' – should display 'whatever'",
      "fullTitle": "<ModalOverlay />",
      "duration": 56000,
      "errorCount": 0
    },
    {
      "title": "<ModalOverlay /> – status = 'success' – should display success message",
      "fullTitle": "<ModalOverlay />",
      "duration": 56000,
      "errorCount": 0
    },
    {
      "title": "<ModalOverlay /> – status = 'partial fail' && handleClose is passed – should display partial fail message",
      "fullTitle": "<ModalOverlay />",
      "duration": 56000,
      "errorCount": 0
    },
    {
      "title": "<ModalOverlay /> – status = 'partial fail' && handleClose is not passed – should display partial fail message",
      "fullTitle": "<ModalOverlay />",
      "duration": 56000,
      "errorCount": 0
    },
    {
      "title": "<ModalOverlay /> – status = 'fail' && handleClose is passed – should display fail message",
      "fullTitle": "<ModalOverlay />",
      "duration": 56000,
      "errorCount": 0
    },
    {
      "title": "<ModalOverlay /> – status = 'fail' && handleClose is not passed – should display fail message",
      "fullTitle": "<ModalOverlay />",
      "duration": 56000,
      "errorCount": 0
    },
    {
      "title": "<ModalOverlay /> – ModalOverlay is closed which close button is clicked – should display fail message",
      "fullTitle": "<ModalOverlay />",
      "duration": 56000,
      "errorCount": 0
    },
    {
      "title": "formatWorkerResponse – if input is null, return empty object",
      "fullTitle": "formatWorkerResponse",
      "duration": 34251,
      "errorCount": 0
    },
    {
      "title": "formatWorkerResponse – if input is empty, return empty object",
      "fullTitle": "formatWorkerResponse",
      "duration": 34251,
      "errorCount": 0
    },
    {
      "title": "formatWorkerResponse – should respond skillsDifferent false",
      "fullTitle": "formatWorkerResponse",
      "duration": 34251,
      "errorCount": 0
    },
    {
      "title": "formatWorkerResponse – should respond skillsDifferent false when no attributes exist",
      "fullTitle": "formatWorkerResponse",
      "duration": 34251,
      "errorCount": 0
    },
    {
      "title": "formatWorkerResponse – should lowercase manager_n_number",
      "fullTitle": "formatWorkerResponse",
      "duration": 34251,
      "errorCount": 0
    },
    {
      "title": "mapWorkerFromDbWorker – should return TwilioWorker object with attributes, sid & skillsDifferent; NOT workerSid",
      "fullTitle": "mapWorkerFromDbWorker",
      "duration": 34251,
      "errorCount": 0
    },
    {
      "title": "<ProfileNameTextField /> – testing input and changed to it – the initial state should be just an empty text field, with the correct label",
      "fullTitle": "<ProfileNameTextField />",
      "duration": 35792,
      "errorCount": 0
    },
    {
      "title": "<ProfileNameTextField /> – testing input and changed to it – On valid input value change, state is updated",
      "fullTitle": "<ProfileNameTextField />",
      "duration": 35792,
      "errorCount": 0
    },
    {
      "title": "<ProfileNameTextField /> – testing input and changed to it – On invalid input value change, error is triggered",
      "fullTitle": "<ProfileNameTextField />",
      "duration": 35792,
      "errorCount": 0
    },
    {
      "title": "StyledButton – color is passes as prop – button click should fire onClick prop",
      "fullTitle": "StyledButton",
      "duration": 3941,
      "errorCount": 0
    },
    {
      "title": "StyledButton – enabled – button click should fire onClick prop",
      "fullTitle": "StyledButton",
      "duration": 3941,
      "errorCount": 0
    },
    {
      "title": "StyledButton – disabled – button click should not fire onClick prop",
      "fullTitle": "StyledButton",
      "duration": 3941,
      "errorCount": 0
    },
    {
      "title": "addOffice – call succeeds – should resolve with any successful response",
      "fullTitle": "addOffice",
      "duration": 35923,
      "errorCount": 0
    },
    {
      "title": "addOffice – call fails – should reject with error",
      "fullTitle": "addOffice",
      "duration": 35923,
      "errorCount": 0
    },
    {
      "title": "getOffices – call succeeds – should resolve with any successful response",
      "fullTitle": "getOffices",
      "duration": 35923,
      "errorCount": 0
    },
    {
      "title": "getOffices – call fails – should reject with error",
      "fullTitle": "getOffices",
      "duration": 35923,
      "errorCount": 0
    },
    {
      "title": "TritonUserManagementWrapper – initial render – ManagementHeader, TritonUserTable, Pagination are rendered with expected props",
      "fullTitle": "TritonUserManagementWrapper",
      "duration": 36755,
      "errorCount": 0
    },
    {
      "title": "<ProfileDropDown /> – a profile is selected – should render OutlinedSelect with correct props",
      "fullTitle": "<ProfileDropDown />",
      "duration": 35803,
      "errorCount": 0
    },
    {
      "title": "<ProfileDropDown /> – no profile is selected (profileID is null) – should render OutlinedSelect with correct props",
      "fullTitle": "<ProfileDropDown />",
      "duration": 35803,
      "errorCount": 0
    },
    {
      "title": "formatTenDigitNumber – strings – ten-digits – should format with parentheses & dash",
      "fullTitle": "formatTenDigitNumber",
      "duration": 2059,
      "errorCount": 0
    },
    {
      "title": "formatTenDigitNumber – strings – nine-digits – should not change the number",
      "fullTitle": "formatTenDigitNumber",
      "duration": 2059,
      "errorCount": 0
    },
    {
      "title": "formatTenDigitNumber – strings – 2-digits – should not change the number",
      "fullTitle": "formatTenDigitNumber",
      "duration": 2059,
      "errorCount": 0
    },
    {
      "title": "formatTenDigitNumber – strings – empty string – should not change the number",
      "fullTitle": "formatTenDigitNumber",
      "duration": 2059,
      "errorCount": 0
    },
    {
      "title": "formatTenDigitNumber – numbers (not strings) – ten-digits – should format with parentheses & dash",
      "fullTitle": "formatTenDigitNumber",
      "duration": 2059,
      "errorCount": 0
    },
    {
      "title": "formatTenDigitNumber – numbers (not strings) – five digits – should return number as a string",
      "fullTitle": "formatTenDigitNumber",
      "duration": 2059,
      "errorCount": 0
    },
    {
      "title": "removeNonNumericCharacters – should return string with non-numeric characters removed",
      "fullTitle": "removeNonNumericCharacters",
      "duration": 2059,
      "errorCount": 0
    },
    {
      "title": "formatE164PhoneNumber – should replace +1 with empty string",
      "fullTitle": "formatE164PhoneNumber",
      "duration": 2059,
      "errorCount": 0
    },
    {
      "title": "formatE164PhoneNumber – should replace 1 with empty string",
      "fullTitle": "formatE164PhoneNumber",
      "duration": 2059,
      "errorCount": 0
    },
    {
      "title": "<SkillsFormInfo /> – Should render the correct initial state",
      "fullTitle": "<SkillsFormInfo />",
      "duration": 35571,
      "errorCount": 0
    },
    {
      "title": "<SkillsFormInfo /> – When setDefaultSkills is clicked, setForm is called",
      "fullTitle": "<SkillsFormInfo />",
      "duration": 35571,
      "errorCount": 0
    },
    {
      "title": "<SkillDropDown /> – initial state – should render FilterableSelect with correct props",
      "fullTitle": "<SkillDropDown />",
      "duration": 3750,
      "errorCount": 0
    },
    {
      "title": "<SkillDropDown /> – changes made to the add skills drop down – should call updateValue function with selected value",
      "fullTitle": "<SkillDropDown />",
      "duration": 3750,
      "errorCount": 0
    },
    {
      "title": "<PriorityDropDown /> – initial state – should render Dropdown with correct props",
      "fullTitle": "<PriorityDropDown />",
      "duration": 4233,
      "errorCount": 0
    },
    {
      "title": "<ExportButton /> – initial render – should render as expected",
      "fullTitle": "<ExportButton />",
      "duration": 7037,
      "errorCount": 0
    },
    {
      "title": "<ExportButton /> – Export Button on click is called – should call handleExport",
      "fullTitle": "<ExportButton />",
      "duration": 7037,
      "errorCount": 0
    },
    {
      "title": "getCallTagOptions – call succeeds – should resolve with any successful response",
      "fullTitle": "getCallTagOptions",
      "duration": 34097,
      "errorCount": 0
    },
    {
      "title": "getCallTagOptions – call fails – should reject with error",
      "fullTitle": "getCallTagOptions",
      "duration": 34097,
      "errorCount": 0
    },
    {
      "title": "getCallTags – call succeeds – should resolve with any successful response",
      "fullTitle": "getCallTags",
      "duration": 34097,
      "errorCount": 0
    },
    {
      "title": "getCallTags – call fails – should reject with error",
      "fullTitle": "getCallTags",
      "duration": 34097,
      "errorCount": 0
    },
    {
      "title": "deleteUser – service call to DELETE_WORKER succeeds – should resolve with string",
      "fullTitle": "deleteUser",
      "duration": 33267,
      "errorCount": 0
    },
    {
      "title": "deleteUser – service call to DELETE_WORKER fails – should reject with error",
      "fullTitle": "deleteUser",
      "duration": 33267,
      "errorCount": 0
    },
    {
      "title": "<ModalHelperText /> – if there is no error, should display message in green and clear button",
      "fullTitle": "<ModalHelperText />",
      "duration": 4291,
      "errorCount": 0
    },
    {
      "title": "<ModalHelperText /> – when the clear button is clicked, should fire whatever function was sent in_",
      "fullTitle": "<ModalHelperText />",
      "duration": 4291,
      "errorCount": 0
    },
    {
      "title": "<ModalHelperText /> – if there is an error, should display message in red",
      "fullTitle": "<ModalHelperText />",
      "duration": 4291,
      "errorCount": 0
    },
    {
      "title": "<NotificationModal /> – should render reload button & correct text",
      "fullTitle": "<NotificationModal />",
      "duration": 4330,
      "errorCount": 0
    },
    {
      "title": "<SkillsContainer /> – initial render – component renders as expected",
      "fullTitle": "<SkillsContainer />",
      "duration": 7025,
      "errorCount": 0
    },
    {
      "title": "formatManagersResponse – if input is null, return empty array",
      "fullTitle": "formatManagersResponse",
      "duration": 33934,
      "errorCount": 0
    },
    {
      "title": "formatManagersResponse – if input is empty, return empty array",
      "fullTitle": "formatManagersResponse",
      "duration": 33934,
      "errorCount": 0
    },
    {
      "title": "formatManagersResponse – if parseCalabrioTeams throws an error, return empty array for calabrio teams",
      "fullTitle": "formatManagersResponse",
      "duration": 33934,
      "errorCount": 0
    },
    {
      "title": "formatManagersResponse – should return array of formatted managers",
      "fullTitle": "formatManagersResponse",
      "duration": 33934,
      "errorCount": 0
    },
    {
      "title": "call to CREATE_PROFILE succeeds – should resolve with profile data",
      "fullTitle": "call to CREATE_PROFILE succeeds",
      "duration": 34498,
      "errorCount": 0
    },
    {
      "title": "call to CREATE_PROFILE fails – should reject with error",
      "fullTitle": "call to CREATE_PROFILE fails",
      "duration": 34498,
      "errorCount": 0
    },
    {
      "title": "call to EDIT_PROFILE succeeds – should resolve with profile data",
      "fullTitle": "call to EDIT_PROFILE succeeds",
      "duration": 34498,
      "errorCount": 0
    },
    {
      "title": "call to EDIT_PROFILE fails – should reject with error",
      "fullTitle": "call to EDIT_PROFILE fails",
      "duration": 34498,
      "errorCount": 0
    },
    {
      "title": "<UserCard /> – should render a div with correct name and Account Box icon_",
      "fullTitle": "<UserCard />",
      "duration": 3609,
      "errorCount": 0
    },
    {
      "title": "isErrorIn400s – error status code is in 400's – should return true",
      "fullTitle": "isErrorIn400s",
      "duration": 2200,
      "errorCount": 0
    },
    {
      "title": "isErrorIn400s – error status code is not in the 400's – error status code is in 300's – should return false",
      "fullTitle": "isErrorIn400s",
      "duration": 2200,
      "errorCount": 0
    },
    {
      "title": "isErrorIn400s – error status code is not in the 400's – error status code starts with 4 but is less than 3 digits – should return false",
      "fullTitle": "isErrorIn400s",
      "duration": 2200,
      "errorCount": 0
    },
    {
      "title": "isErrorIn400s – error status code is not in the 400's – error status code starts with 4 but is more than 3 digits – should return false",
      "fullTitle": "isErrorIn400s",
      "duration": 2200,
      "errorCount": 0
    },
    {
      "title": "isErrorIn400s – error status code is not in the 400's – error status code is a string not a number – should return false",
      "fullTitle": "isErrorIn400s",
      "duration": 2200,
      "errorCount": 0
    },
    {
      "title": "isErrorIn400s – error status code is not in the 400's – error status code is undefined – should return false",
      "fullTitle": "isErrorIn400s",
      "duration": 2200,
      "errorCount": 0
    },
    {
      "title": "formatWorkerAttributeSkillsToHTML() – if input is undefined, return null",
      "fullTitle": "formatWorkerAttributeSkillsToHTML()",
      "duration": 34450,
      "errorCount": 0
    },
    {
      "title": "formatWorkerAttributeSkillsToHTML() – if routing skills are empty, return null",
      "fullTitle": "formatWorkerAttributeSkillsToHTML()",
      "duration": 34450,
      "errorCount": 0
    },
    {
      "title": "formatWorkerAttributeSkillsToHTML() – if routing skills is a string we should return null",
      "fullTitle": "formatWorkerAttributeSkillsToHTML()",
      "duration": 34450,
      "errorCount": 0
    },
    {
      "title": "formatWorkerAttributeSkillsToHTML() – if routing skills exist, we should return the correct formatting, with or without a priority_",
      "fullTitle": "formatWorkerAttributeSkillsToHTML()",
      "duration": 34450,
      "errorCount": 0
    },
    {
      "title": "checkExtension – service call to CHECK_EXTENSION succeeds – should resolve with formatted data",
      "fullTitle": "checkExtension",
      "duration": 32800,
      "errorCount": 0
    },
    {
      "title": "checkExtension – service call to CHECK_EXTENSION returns noting – should resolve with null",
      "fullTitle": "checkExtension",
      "duration": 32800,
      "errorCount": 0
    },
    {
      "title": "<ConfirmationForm /> – state of the form – renders a form with a button",
      "fullTitle": "<ConfirmationForm />",
      "duration": 3634,
      "errorCount": 0
    },
    {
      "title": "<ErrorForm /> – state of the form – renders a form with a button",
      "fullTitle": "<ErrorForm />",
      "duration": 3736,
      "errorCount": 0
    },
    {
      "title": "<Header /> – the header should simply render the Logo and UserCard components_",
      "fullTitle": "<Header />",
      "duration": 4201,
      "errorCount": 0
    },
    {
      "title": "wait – should wait 1 second before calling the callback",
      "fullTitle": "wait",
      "duration": 1815,
      "errorCount": 0
    },
    {
      "title": "call to UPDATE_WORKER succeeds – should resolve with worker data",
      "fullTitle": "call to UPDATE_WORKER succeeds",
      "duration": 30828,
      "errorCount": 0
    },
    {
      "title": "call to UPDATE_WORKER fails – should reject with error",
      "fullTitle": "call to UPDATE_WORKER fails",
      "duration": 30828,
      "errorCount": 0
    },
    {
      "title": "<Logo /> – the header should render the Triton Admin Logo_",
      "fullTitle": "<Logo />",
      "duration": 3065,
      "errorCount": 0
    },
    {
      "title": "<ManagementTable /> – This file is being re-written in phase 2_ These tests will be included in the next deploy",
      "fullTitle": "<ManagementTable />",
      "duration": 1763,
      "errorCount": 0
    },
    {
      "title": "call to CREATE_WORKER succeeds – should resolve with worker data",
      "fullTitle": "call to CREATE_WORKER succeeds",
      "duration": 30650,
      "errorCount": 0
    },
    {
      "title": "call to CREATE_WORKER fails – should reject with error",
      "fullTitle": "call to CREATE_WORKER fails",
      "duration": 30650,
      "errorCount": 0
    },
    {
      "title": "formatOfficesResponse – if input is null, return empty Map",
      "fullTitle": "formatOfficesResponse",
      "duration": 25065,
      "errorCount": 0
    },
    {
      "title": "formatOfficesResponse – if input is empty, return empty Map",
      "fullTitle": "formatOfficesResponse",
      "duration": 25065,
      "errorCount": 0
    },
    {
      "title": "formatOfficesResponse – should return a new Map with a key that is the office number, and a value of the office",
      "fullTitle": "formatOfficesResponse",
      "duration": 25065,
      "errorCount": 0
    },
    {
      "title": "cct-aloha-routing-startup – runAlohaRoutingStartup – Service Calls are successful – **MUST RETURN STARTUP NAME FIRST**",
      "fullTitle": "cct-aloha-routing-startup",
      "duration": 43002,
      "errorCount": 0
    },
    {
      "title": "escapeQuotes – should escape single and double quotes",
      "fullTitle": "escapeQuotes",
      "duration": 22753,
      "errorCount": 0
    },
    {
      "title": "cct-aloha-flow-startup – runAlohaFlowStartup – Service Calls are successful – **MUST RETURN STARTUP NAME FIRST**",
      "fullTitle": "cct-aloha-flow-startup",
      "duration": 44097,
      "errorCount": 0
    }
  ],
  "skipped": [
    {
      "title": "ResetSkillsButton – When the reset button is pressed, it should fire a call to reset the selected worker skills – when all those resets are successful – we should dispatch the correct actions, results modal should recieve an empty array_",
      "fullTitle": "ResetSkillsButton",
      "duration": 31827,
      "errorCount": 0
    },
    {
      "title": "ResetSkillsButton – When the reset button is pressed, it should fire a call to reset the selected worker skills – when some resets fail – we should dispatch only dispatch actions on the passed worker resets_ Results modal should recieve the failed worker reset_",
      "fullTitle": "ResetSkillsButton",
      "duration": 31827,
      "errorCount": 0
    },
    {
      "title": "ResetSkillsButton – When the reset button is pressed, it should fire a call to reset the selected worker skills – when service throws an error – we should dispatch only resettingWorkers actions_ Results modal should recieve the error message",
      "fullTitle": "ResetSkillsButton",
      "duration": 31827,
      "errorCount": 0
    }
  ]
}