{"/Users/n0274027/workspaces/cicct/cicct-softphone-admin-ui/src/components/Hello/Hello.jsx": {"path":"/Users/n0274027/workspaces/cicct/cicct-softphone-admin-ui/src/components/Hello/Hello.jsx","statementMap":{"0":{"start":{"line":3,"column":14},"end":{"line":7,"column":1}},"1":{"start":{"line":4,"column":2},"end":{"line":6,"column":4}}},"fnMap":{"0":{"name":"(anonymous_0)","decl":{"start":{"line":3,"column":14},"end":{"line":3,"column":15}},"loc":{"start":{"line":3,"column":23},"end":{"line":7,"column":1}},"line":3}},"branchMap":{},"s":{"0":1,"1":1},"f":{"0":1},"b":{},"_coverageSchema":"43e27e138ebf9cfc5966b082cf9a028302ed4184","hash":"fbb1e28b193f537f982c0cf4564016c25a38b826"}
}
